2023-03-19T13:31:51.405+0200 [DEBUG] [org.gradle.launcher.daemon.bootstrap.DaemonMain] Assuming the daemon was started with following jvm opts: [--add-opens, java.base/java.util=ALL-UNNAMED, --add-opens, java.base/java.lang=ALL-UNNAMED, --add-opens, java.base/java.lang.invoke=ALL-UNNAMED, --add-opens, java.base/java.util=ALL-UNNAMED, --add-opens, java.prefs/java.util.prefs=ALL-UNNAMED, --add-opens, java.prefs/java.util.prefs=ALL-UNNAMED, --add-opens, java.base/java.nio.charset=ALL-UNNAMED, --add-opens, java.base/java.net=ALL-UNNAMED, --add-opens, java.base/java.util.concurrent.atomic=ALL-UNNAMED, -Xmx2048m, -Dfile.encoding=UTF-8, -Duser.country=US, -Duser.language=en, -Duser.variant]
2023-03-19T13:31:52.109+0200 [DEBUG] [org.gradle.internal.nativeintegration.services.NativeServices] Native-platform posix files integration is not available. Continuing with fallback.
2023-03-19T13:31:52.154+0200 [INFO] [org.gradle.launcher.daemon.server.Daemon] start() called on daemon - DefaultDaemonContext[uid=914b0ff4-3858-4462-a1a5-d4b89b5f88a7,javaHome=C:\Users\elnag\.jdks\jdk-16.0.2,daemonRegistryDir=D:\programs\Horus\daemon,pid=13152,idleTimeout=10800000,priority=NORMAL,daemonOpts=--add-opens,java.base/java.util=ALL-UNNAMED,--add-opens,java.base/java.lang=ALL-UNNAMED,--add-opens,java.base/java.lang.invoke=ALL-UNNAMED,--add-opens,java.base/java.util=ALL-UNNAMED,--add-opens,java.prefs/java.util.prefs=ALL-UNNAMED,--add-opens,java.prefs/java.util.prefs=ALL-UNNAMED,--add-opens,java.base/java.nio.charset=ALL-UNNAMED,--add-opens,java.base/java.net=ALL-UNNAMED,--add-opens,java.base/java.util.concurrent.atomic=ALL-UNNAMED,-Xmx2048m,-Dfile.encoding=UTF-8,-Duser.country=US,-Duser.language=en,-Duser.variant]
2023-03-19T13:31:52.481+0200 [DEBUG] [org.gradle.internal.remote.internal.inet.InetAddresses] Adding IP addresses for network interface Software Loopback Interface 1
2023-03-19T13:31:52.499+0200 [DEBUG] [org.gradle.internal.remote.internal.inet.InetAddresses] Is this a loopback interface? true
2023-03-19T13:31:52.500+0200 [DEBUG] [org.gradle.internal.remote.internal.inet.InetAddresses] Adding loopback address /127.0.0.1
2023-03-19T13:31:52.501+0200 [DEBUG] [org.gradle.internal.remote.internal.inet.InetAddresses] Adding loopback address /0:0:0:0:0:0:0:1
2023-03-19T13:31:52.504+0200 [DEBUG] [org.gradle.internal.remote.internal.inet.InetAddresses] Adding IP addresses for network interface Intel(R) Wireless-AC 9462
2023-03-19T13:31:52.521+0200 [DEBUG] [org.gradle.internal.remote.internal.inet.InetAddresses] Is this a loopback interface? false
2023-03-19T13:31:52.521+0200 [DEBUG] [org.gradle.internal.remote.internal.inet.InetAddresses] Adding remote address /192.168.1.6
2023-03-19T13:31:52.522+0200 [DEBUG] [org.gradle.internal.remote.internal.inet.InetAddresses] Adding remote address /fe80:0:0:0:2446:3f95:ec19:6985%wlan0
2023-03-19T13:31:52.523+0200 [DEBUG] [org.gradle.internal.remote.internal.inet.InetAddresses] Adding IP addresses for network interface Microsoft 6to4 Adapter
2023-03-19T13:31:52.540+0200 [DEBUG] [org.gradle.internal.remote.internal.inet.InetAddresses] Is this a loopback interface? false
2023-03-19T13:31:52.541+0200 [DEBUG] [org.gradle.internal.remote.internal.inet.InetAddresses] Adding IP addresses for network interface Microsoft Wi-Fi Direct Virtual Adapter #2
2023-03-19T13:31:52.558+0200 [DEBUG] [org.gradle.internal.remote.internal.inet.InetAddresses] Is this a loopback interface? false
2023-03-19T13:31:52.559+0200 [DEBUG] [org.gradle.internal.remote.internal.inet.InetAddresses] Adding remote address /fe80:0:0:0:44b2:8755:92ec:22f%wlan1
2023-03-19T13:31:52.560+0200 [DEBUG] [org.gradle.internal.remote.internal.inet.InetAddresses] Adding IP addresses for network interface Microsoft IP-HTTPS Platform Adapter
2023-03-19T13:31:52.577+0200 [DEBUG] [org.gradle.internal.remote.internal.inet.InetAddresses] Is this a loopback interface? false
2023-03-19T13:31:52.578+0200 [DEBUG] [org.gradle.internal.remote.internal.inet.InetAddresses] Adding IP addresses for network interface WAN Miniport (IPv6)
2023-03-19T13:31:52.594+0200 [DEBUG] [org.gradle.internal.remote.internal.inet.InetAddresses] Is this a loopback interface? false
2023-03-19T13:31:52.595+0200 [DEBUG] [org.gradle.internal.remote.internal.inet.InetAddresses] Adding IP addresses for network interface Realtek PCIe GbE Family Controller
2023-03-19T13:31:52.612+0200 [DEBUG] [org.gradle.internal.remote.internal.inet.InetAddresses] Is this a loopback interface? false
2023-03-19T13:31:52.613+0200 [DEBUG] [org.gradle.internal.remote.internal.inet.InetAddresses] Adding remote address /fe80:0:0:0:2bfd:d28c:d77d:389e%eth1
2023-03-19T13:31:52.614+0200 [DEBUG] [org.gradle.internal.remote.internal.inet.InetAddresses] Adding IP addresses for network interface Microsoft Wi-Fi Direct Virtual Adapter
2023-03-19T13:31:52.631+0200 [DEBUG] [org.gradle.internal.remote.internal.inet.InetAddresses] Is this a loopback interface? false
2023-03-19T13:31:52.632+0200 [DEBUG] [org.gradle.internal.remote.internal.inet.InetAddresses] Adding remote address /fe80:0:0:0:c198:bb5b:3037:e41d%wlan2
2023-03-19T13:31:52.632+0200 [DEBUG] [org.gradle.internal.remote.internal.inet.InetAddresses] Adding IP addresses for network interface Microsoft Teredo Tunneling Adapter
2023-03-19T13:31:52.649+0200 [DEBUG] [org.gradle.internal.remote.internal.inet.InetAddresses] Is this a loopback interface? false
2023-03-19T13:31:52.650+0200 [DEBUG] [org.gradle.internal.remote.internal.inet.InetAddresses] Adding IP addresses for network interface WAN Miniport (IP)
2023-03-19T13:31:52.665+0200 [DEBUG] [org.gradle.internal.remote.internal.inet.InetAddresses] Is this a loopback interface? false
2023-03-19T13:31:52.666+0200 [DEBUG] [org.gradle.internal.remote.internal.inet.InetAddresses] Adding IP addresses for network interface WAN Miniport (PPTP)
2023-03-19T13:31:52.682+0200 [DEBUG] [org.gradle.internal.remote.internal.inet.InetAddresses] Is this a loopback interface? false
2023-03-19T13:31:52.683+0200 [DEBUG] [org.gradle.internal.remote.internal.inet.InetAddresses] Adding IP addresses for network interface WAN Miniport (IKEv2)
2023-03-19T13:31:52.699+0200 [DEBUG] [org.gradle.internal.remote.internal.inet.InetAddresses] Is this a loopback interface? false
2023-03-19T13:31:52.700+0200 [DEBUG] [org.gradle.internal.remote.internal.inet.InetAddresses] Adding IP addresses for network interface Microsoft Kernel Debug Network Adapter
2023-03-19T13:31:52.717+0200 [DEBUG] [org.gradle.internal.remote.internal.inet.InetAddresses] Is this a loopback interface? false
2023-03-19T13:31:52.718+0200 [DEBUG] [org.gradle.internal.remote.internal.inet.InetAddresses] Adding IP addresses for network interface WAN Miniport (L2TP)
2023-03-19T13:31:52.734+0200 [DEBUG] [org.gradle.internal.remote.internal.inet.InetAddresses] Is this a loopback interface? false
2023-03-19T13:31:52.735+0200 [DEBUG] [org.gradle.internal.remote.internal.inet.InetAddresses] Adding IP addresses for network interface WAN Miniport (SSTP)
2023-03-19T13:31:52.752+0200 [DEBUG] [org.gradle.internal.remote.internal.inet.InetAddresses] Is this a loopback interface? false
2023-03-19T13:31:52.753+0200 [DEBUG] [org.gradle.internal.remote.internal.inet.InetAddresses] Adding IP addresses for network interface WAN Miniport (PPPOE)
2023-03-19T13:31:52.771+0200 [DEBUG] [org.gradle.internal.remote.internal.inet.InetAddresses] Is this a loopback interface? false
2023-03-19T13:31:52.772+0200 [DEBUG] [org.gradle.internal.remote.internal.inet.InetAddresses] Adding IP addresses for network interface WAN Miniport (Network Monitor)
2023-03-19T13:31:52.788+0200 [DEBUG] [org.gradle.internal.remote.internal.inet.InetAddresses] Is this a loopback interface? false
2023-03-19T13:31:52.789+0200 [DEBUG] [org.gradle.internal.remote.internal.inet.InetAddresses] Adding IP addresses for network interface Realtek PCIe GbE Family Controller-WFP Native MAC Layer LightWeight Filter-0000
2023-03-19T13:31:52.805+0200 [DEBUG] [org.gradle.internal.remote.internal.inet.InetAddresses] Is this a loopback interface? false
2023-03-19T13:31:52.806+0200 [DEBUG] [org.gradle.internal.remote.internal.inet.InetAddresses] Adding IP addresses for network interface Realtek PCIe GbE Family Controller-QoS Packet Scheduler-0000
2023-03-19T13:31:53.337+0200 [DEBUG] [org.gradle.internal.remote.internal.inet.InetAddresses] Is this a loopback interface? false
2023-03-19T13:31:53.337+0200 [DEBUG] [org.gradle.internal.remote.internal.inet.InetAddresses] Adding IP addresses for network interface Realtek PCIe GbE Family Controller-WFP 802.3 MAC Layer LightWeight Filter-0000
2023-03-19T13:31:53.355+0200 [DEBUG] [org.gradle.internal.remote.internal.inet.InetAddresses] Is this a loopback interface? false
2023-03-19T13:31:53.356+0200 [DEBUG] [org.gradle.internal.remote.internal.inet.InetAddresses] Adding IP addresses for network interface Intel(R) Wireless-AC 9462-WFP Native MAC Layer LightWeight Filter-0000
2023-03-19T13:31:53.371+0200 [DEBUG] [org.gradle.internal.remote.internal.inet.InetAddresses] Is this a loopback interface? false
2023-03-19T13:31:53.372+0200 [DEBUG] [org.gradle.internal.remote.internal.inet.InetAddresses] Adding IP addresses for network interface Intel(R) Wireless-AC 9462-Virtual WiFi Filter Driver-0000
2023-03-19T13:31:53.388+0200 [DEBUG] [org.gradle.internal.remote.internal.inet.InetAddresses] Is this a loopback interface? false
2023-03-19T13:31:53.389+0200 [DEBUG] [org.gradle.internal.remote.internal.inet.InetAddresses] Adding IP addresses for network interface Intel(R) Wireless-AC 9462-Native WiFi Filter Driver-0000
2023-03-19T13:31:53.406+0200 [DEBUG] [org.gradle.internal.remote.internal.inet.InetAddresses] Is this a loopback interface? false
2023-03-19T13:31:53.407+0200 [DEBUG] [org.gradle.internal.remote.internal.inet.InetAddresses] Adding IP addresses for network interface Intel(R) Wireless-AC 9462-QoS Packet Scheduler-0000
2023-03-19T13:31:53.425+0200 [DEBUG] [org.gradle.internal.remote.internal.inet.InetAddresses] Is this a loopback interface? false
2023-03-19T13:31:53.426+0200 [DEBUG] [org.gradle.internal.remote.internal.inet.InetAddresses] Adding IP addresses for network interface Intel(R) Wireless-AC 9462-WFP 802.3 MAC Layer LightWeight Filter-0000
2023-03-19T13:31:53.443+0200 [DEBUG] [org.gradle.internal.remote.internal.inet.InetAddresses] Is this a loopback interface? false
2023-03-19T13:31:53.443+0200 [DEBUG] [org.gradle.internal.remote.internal.inet.InetAddresses] Adding IP addresses for network interface Microsoft Wi-Fi Direct Virtual Adapter-WFP Native MAC Layer LightWeight Filter-0000
2023-03-19T13:31:53.460+0200 [DEBUG] [org.gradle.internal.remote.internal.inet.InetAddresses] Is this a loopback interface? false
2023-03-19T13:31:53.461+0200 [DEBUG] [org.gradle.internal.remote.internal.inet.InetAddresses] Adding IP addresses for network interface Microsoft Wi-Fi Direct Virtual Adapter-Native WiFi Filter Driver-0000
2023-03-19T13:31:53.477+0200 [DEBUG] [org.gradle.internal.remote.internal.inet.InetAddresses] Is this a loopback interface? false
2023-03-19T13:31:53.478+0200 [DEBUG] [org.gradle.internal.remote.internal.inet.InetAddresses] Adding IP addresses for network interface Microsoft Wi-Fi Direct Virtual Adapter-QoS Packet Scheduler-0000
2023-03-19T13:31:53.494+0200 [DEBUG] [org.gradle.internal.remote.internal.inet.InetAddresses] Is this a loopback interface? false
2023-03-19T13:31:53.495+0200 [DEBUG] [org.gradle.internal.remote.internal.inet.InetAddresses] Adding IP addresses for network interface Microsoft Wi-Fi Direct Virtual Adapter-WFP 802.3 MAC Layer LightWeight Filter-0000
2023-03-19T13:31:53.512+0200 [DEBUG] [org.gradle.internal.remote.internal.inet.InetAddresses] Is this a loopback interface? false
2023-03-19T13:31:53.513+0200 [DEBUG] [org.gradle.internal.remote.internal.inet.InetAddresses] Adding IP addresses for network interface WAN Miniport (IP)-WFP Native MAC Layer LightWeight Filter-0000
2023-03-19T13:31:53.529+0200 [DEBUG] [org.gradle.internal.remote.internal.inet.InetAddresses] Is this a loopback interface? false
2023-03-19T13:31:53.530+0200 [DEBUG] [org.gradle.internal.remote.internal.inet.InetAddresses] Adding IP addresses for network interface WAN Miniport (IP)-QoS Packet Scheduler-0000
2023-03-19T13:31:53.546+0200 [DEBUG] [org.gradle.internal.remote.internal.inet.InetAddresses] Is this a loopback interface? false
2023-03-19T13:31:53.547+0200 [DEBUG] [org.gradle.internal.remote.internal.inet.InetAddresses] Adding IP addresses for network interface WAN Miniport (IPv6)-WFP Native MAC Layer LightWeight Filter-0000
2023-03-19T13:31:53.564+0200 [DEBUG] [org.gradle.internal.remote.internal.inet.InetAddresses] Is this a loopback interface? false
2023-03-19T13:31:53.565+0200 [DEBUG] [org.gradle.internal.remote.internal.inet.InetAddresses] Adding IP addresses for network interface WAN Miniport (IPv6)-QoS Packet Scheduler-0000
2023-03-19T13:31:53.581+0200 [DEBUG] [org.gradle.internal.remote.internal.inet.InetAddresses] Is this a loopback interface? false
2023-03-19T13:31:53.582+0200 [DEBUG] [org.gradle.internal.remote.internal.inet.InetAddresses] Adding IP addresses for network interface WAN Miniport (Network Monitor)-WFP Native MAC Layer LightWeight Filter-0000
2023-03-19T13:31:53.598+0200 [DEBUG] [org.gradle.internal.remote.internal.inet.InetAddresses] Is this a loopback interface? false
2023-03-19T13:31:53.598+0200 [DEBUG] [org.gradle.internal.remote.internal.inet.InetAddresses] Adding IP addresses for network interface WAN Miniport (Network Monitor)-QoS Packet Scheduler-0000
2023-03-19T13:31:53.615+0200 [DEBUG] [org.gradle.internal.remote.internal.inet.InetAddresses] Is this a loopback interface? false
2023-03-19T13:31:53.616+0200 [DEBUG] [org.gradle.internal.remote.internal.inet.InetAddresses] Adding IP addresses for network interface Microsoft Wi-Fi Direct Virtual Adapter #2-WFP Native MAC Layer LightWeight Filter-0000
2023-03-19T13:31:53.632+0200 [DEBUG] [org.gradle.internal.remote.internal.inet.InetAddresses] Is this a loopback interface? false
2023-03-19T13:31:53.632+0200 [DEBUG] [org.gradle.internal.remote.internal.inet.InetAddresses] Adding IP addresses for network interface Microsoft Wi-Fi Direct Virtual Adapter #2-Native WiFi Filter Driver-0000
2023-03-19T13:31:53.650+0200 [DEBUG] [org.gradle.internal.remote.internal.inet.InetAddresses] Is this a loopback interface? false
2023-03-19T13:31:53.650+0200 [DEBUG] [org.gradle.internal.remote.internal.inet.InetAddresses] Adding IP addresses for network interface Microsoft Wi-Fi Direct Virtual Adapter #2-QoS Packet Scheduler-0000
2023-03-19T13:31:53.667+0200 [DEBUG] [org.gradle.internal.remote.internal.inet.InetAddresses] Is this a loopback interface? false
2023-03-19T13:31:53.667+0200 [DEBUG] [org.gradle.internal.remote.internal.inet.InetAddresses] Adding IP addresses for network interface Microsoft Wi-Fi Direct Virtual Adapter #2-WFP 802.3 MAC Layer LightWeight Filter-0000
2023-03-19T13:31:53.683+0200 [DEBUG] [org.gradle.internal.remote.internal.inet.InetAddresses] Is this a loopback interface? false
2023-03-19T13:31:53.728+0200 [DEBUG] [org.gradle.internal.remote.internal.inet.TcpIncomingConnector] Listening on [c4707126-aefe-4b14-8807-609ca8afce3e port:52590, addresses:[localhost/127.0.0.1]].
2023-03-19T13:31:53.755+0200 [DEBUG] [org.gradle.launcher.daemon.server.Daemon] Daemon starting at: Sun Mar 19 13:31:53 EET 2023, with address: [c4707126-aefe-4b14-8807-609ca8afce3e port:52590, addresses:[localhost/127.0.0.1]]
2023-03-19T13:31:53.755+0200 [INFO] [org.gradle.launcher.daemon.server.DaemonRegistryUpdater] Advertising the daemon address to the clients: [c4707126-aefe-4b14-8807-609ca8afce3e port:52590, addresses:[localhost/127.0.0.1]]
2023-03-19T13:31:53.757+0200 [DEBUG] [org.gradle.launcher.daemon.server.DaemonRegistryUpdater] Advertised daemon context: DefaultDaemonContext[uid=914b0ff4-3858-4462-a1a5-d4b89b5f88a7,javaHome=C:\Users\elnag\.jdks\jdk-16.0.2,daemonRegistryDir=D:\programs\Horus\daemon,pid=13152,idleTimeout=10800000,priority=NORMAL,daemonOpts=--add-opens,java.base/java.util=ALL-UNNAMED,--add-opens,java.base/java.lang=ALL-UNNAMED,--add-opens,java.base/java.lang.invoke=ALL-UNNAMED,--add-opens,java.base/java.util=ALL-UNNAMED,--add-opens,java.prefs/java.util.prefs=ALL-UNNAMED,--add-opens,java.prefs/java.util.prefs=ALL-UNNAMED,--add-opens,java.base/java.nio.charset=ALL-UNNAMED,--add-opens,java.base/java.net=ALL-UNNAMED,--add-opens,java.base/java.util.concurrent.atomic=ALL-UNNAMED,-Xmx2048m,-Dfile.encoding=UTF-8,-Duser.country=US,-Duser.language=en,-Duser.variant]
2023-03-19T13:31:53.760+0200 [DEBUG] [org.gradle.launcher.daemon.registry.PersistentDaemonRegistry] Storing daemon address: [c4707126-aefe-4b14-8807-609ca8afce3e port:52590, addresses:[localhost/127.0.0.1]], context: DefaultDaemonContext[uid=914b0ff4-3858-4462-a1a5-d4b89b5f88a7,javaHome=C:\Users\elnag\.jdks\jdk-16.0.2,daemonRegistryDir=D:\programs\Horus\daemon,pid=13152,idleTimeout=10800000,priority=NORMAL,daemonOpts=--add-opens,java.base/java.util=ALL-UNNAMED,--add-opens,java.base/java.lang=ALL-UNNAMED,--add-opens,java.base/java.lang.invoke=ALL-UNNAMED,--add-opens,java.base/java.util=ALL-UNNAMED,--add-opens,java.prefs/java.util.prefs=ALL-UNNAMED,--add-opens,java.prefs/java.util.prefs=ALL-UNNAMED,--add-opens,java.base/java.nio.charset=ALL-UNNAMED,--add-opens,java.base/java.net=ALL-UNNAMED,--add-opens,java.base/java.util.concurrent.atomic=ALL-UNNAMED,-Xmx2048m,-Dfile.encoding=UTF-8,-Duser.country=US,-Duser.language=en,-Duser.variant]
2023-03-19T13:31:53.795+0200 [DEBUG] [org.gradle.cache.internal.DefaultFileLockManager] Waiting to acquire exclusive lock on daemon addresses registry.
2023-03-19T13:31:53.807+0200 [DEBUG] [org.gradle.cache.internal.DefaultFileLockManager] Lock acquired on daemon addresses registry.
2023-03-19T13:31:53.823+0200 [DEBUG] [org.gradle.cache.internal.DefaultFileLockManager] Releasing lock on daemon addresses registry.
2023-03-19T13:31:53.825+0200 [LIFECYCLE] [org.gradle.launcher.daemon.server.Daemon] Daemon server started.
2023-03-19T13:31:53.828+0200 [DEBUG] [org.gradle.launcher.daemon.bootstrap.DaemonStartupCommunication] Completed writing the daemon greeting. Closing streams...
2023-03-19T13:31:53.839+0200 [DEBUG] [org.gradle.launcher.daemon.server.Daemon] stopOnExpiration() called on daemon
2023-03-19T13:31:53.841+0200 [DEBUG] [org.gradle.launcher.daemon.server.Daemon] awaitExpiration() called on daemon
2023-03-19T13:31:53.842+0200 [DEBUG] [org.gradle.launcher.daemon.server.DaemonStateCoordinator] daemon is running. Sleeping until state changes.
2023-03-19T13:31:53.874+0200 [DEBUG] [org.gradle.internal.remote.internal.inet.TcpIncomingConnector] Accepted connection from /127.0.0.1:52591 to /127.0.0.1:52590.
2023-03-19T13:31:54.087+0200 [DEBUG] [org.gradle.launcher.daemon.server.SynchronizedDispatchConnection] thread 22: received class org.gradle.launcher.daemon.protocol.Build
2023-03-19T13:31:54.088+0200 [DEBUG] [org.gradle.launcher.daemon.server.DefaultDaemonConnection] thread 22: Received non-IO message from client: Build{id=a038412d-019b-4d80-9705-a97c8bfe6985, currentDir=D:\programs\Horus}
2023-03-19T13:31:54.089+0200 [INFO] [org.gradle.launcher.daemon.server.DefaultIncomingConnectionHandler] Received command: Build{id=a038412d-019b-4d80-9705-a97c8bfe6985, currentDir=D:\programs\Horus}.
2023-03-19T13:31:54.090+0200 [DEBUG] [org.gradle.launcher.daemon.server.DefaultIncomingConnectionHandler] Starting executing command: Build{id=a038412d-019b-4d80-9705-a97c8bfe6985, currentDir=D:\programs\Horus} with connection: socket connection from /127.0.0.1:52590 to /127.0.0.1:52591.
2023-03-19T13:31:54.097+0200 [DEBUG] [org.gradle.launcher.daemon.server.DaemonStateCoordinator] Command execution: started DaemonCommandExecution[command = Build{id=a038412d-019b-4d80-9705-a97c8bfe6985, currentDir=D:\programs\Horus}, connection = DefaultDaemonConnection: socket connection from /127.0.0.1:52590 to /127.0.0.1:52591] after 0.0 minutes of idle
2023-03-19T13:31:54.098+0200 [INFO] [org.gradle.launcher.daemon.server.DaemonRegistryUpdater] Marking the daemon as busy, address: [c4707126-aefe-4b14-8807-609ca8afce3e port:52590, addresses:[localhost/127.0.0.1]]
2023-03-19T13:31:54.098+0200 [DEBUG] [org.gradle.launcher.daemon.registry.PersistentDaemonRegistry] Marking busy by address: [c4707126-aefe-4b14-8807-609ca8afce3e port:52590, addresses:[localhost/127.0.0.1]]
2023-03-19T13:31:54.103+0200 [DEBUG] [org.gradle.cache.internal.DefaultFileLockManager] Waiting to acquire exclusive lock on daemon addresses registry.
2023-03-19T13:31:54.105+0200 [DEBUG] [org.gradle.cache.internal.DefaultFileLockManager] Lock acquired on daemon addresses registry.
2023-03-19T13:31:54.109+0200 [DEBUG] [org.gradle.cache.internal.DefaultFileLockManager] Releasing lock on daemon addresses registry.
2023-03-19T13:31:54.110+0200 [DEBUG] [org.gradle.launcher.daemon.server.DaemonStateCoordinator] resetting idle timer
2023-03-19T13:31:54.111+0200 [DEBUG] [org.gradle.launcher.daemon.server.DaemonStateCoordinator] daemon is running. Sleeping until state changes.
2023-03-19T13:31:54.112+0200 [INFO] [org.gradle.launcher.daemon.server.exec.StartBuildOrRespondWithBusy] Daemon is about to start building Build{id=a038412d-019b-4d80-9705-a97c8bfe6985, currentDir=D:\programs\Horus}. Dispatching build started information...
2023-03-19T13:31:54.113+0200 [DEBUG] [org.gradle.launcher.daemon.server.SynchronizedDispatchConnection] thread 24: dispatching org.gradle.launcher.daemon.protocol.BuildStarted@69c18566
2023-03-19T13:31:54.119+0200 [DEBUG] [org.gradle.launcher.daemon.server.exec.EstablishBuildEnvironment] Configuring env variables: [USERDOMAIN_ROAMINGPROFILE, LOCALAPPDATA, PROCESSOR_LEVEL, USERDOMAIN, LOGONSERVER, FPS_BROWSER_APP_PROFILE_STRING, JAVA_HOME, SESSIONNAME, ALLUSERSPROFILE, PROCESSOR_ARCHITECTURE, PSModulePath, SystemDrive, OneDrive, APPDATA, USERNAME, ProgramFiles(x86), CommonProgramFiles, Path, FPS_BROWSER_USER_PROFILE_STRING, PATHEXT, DriverData, OS, OneDriveConsumer, COMPUTERNAME, PROCESSOR_REVISION, CommonProgramW6432, ComSpec, ProgramData, GIT_LFS_PATH, ProgramW6432, TEMP, HOMEPATH, =D:, SystemRoot, PROCESSOR_IDENTIFIER, HOMEDRIVE, USERPROFILE, TMP, CommonProgramFiles(x86), ProgramFiles, PUBLIC, windir, NUMBER_OF_PROCESSORS, =::, IDEA_INITIAL_DIRECTORY, ZES_ENABLE_SYSMAN]
2023-03-19T13:31:54.129+0200 [DEBUG] [org.gradle.launcher.daemon.server.SynchronizedDispatchConnection] thread 22: received class org.gradle.launcher.daemon.protocol.CloseInput
2023-03-19T13:31:54.129+0200 [DEBUG] [org.gradle.launcher.daemon.server.DefaultDaemonConnection] thread 22: Received IO message from client: org.gradle.launcher.daemon.protocol.CloseInput@21e654f3
2023-03-19T13:31:54.137+0200 [DEBUG] [org.gradle.launcher.daemon.server.exec.LogToClient] About to start relaying all logs to the client via the connection.
2023-03-19T13:31:54.138+0200 [INFO] [org.gradle.launcher.daemon.server.exec.LogToClient] The client will now receive all logging from the daemon (pid: 13152). The daemon log file: D:\programs\Horus\daemon\7.4\daemon-13152.out.log
2023-03-19T13:31:54.142+0200 [INFO] [org.gradle.launcher.daemon.server.exec.LogAndCheckHealth] Starting build in new daemon [memory: 2 GiB]
2023-03-19T13:31:54.146+0200 [INFO] [org.gradle.launcher.daemon.server.exec.ForwardClientInput] Closing daemon's stdin at end of input.
2023-03-19T13:31:54.146+0200 [INFO] [org.gradle.launcher.daemon.server.exec.ForwardClientInput] The daemon will no longer process any standard input.
2023-03-19T13:31:54.374+0200 [DEBUG] [org.gradle.launcher.daemon.server.exec.ExecuteBuild] The daemon has started executing the build.
2023-03-19T13:31:54.375+0200 [DEBUG] [org.gradle.launcher.daemon.server.exec.ExecuteBuild] Executing build with daemon context: DefaultDaemonContext[uid=914b0ff4-3858-4462-a1a5-d4b89b5f88a7,javaHome=C:\Users\elnag\.jdks\jdk-16.0.2,daemonRegistryDir=D:\programs\Horus\daemon,pid=13152,idleTimeout=10800000,priority=NORMAL,daemonOpts=--add-opens,java.base/java.util=ALL-UNNAMED,--add-opens,java.base/java.lang=ALL-UNNAMED,--add-opens,java.base/java.lang.invoke=ALL-UNNAMED,--add-opens,java.base/java.util=ALL-UNNAMED,--add-opens,java.prefs/java.util.prefs=ALL-UNNAMED,--add-opens,java.prefs/java.util.prefs=ALL-UNNAMED,--add-opens,java.base/java.nio.charset=ALL-UNNAMED,--add-opens,java.base/java.net=ALL-UNNAMED,--add-opens,java.base/java.util.concurrent.atomic=ALL-UNNAMED,-Xmx2048m,-Dfile.encoding=UTF-8,-Duser.country=US,-Duser.language=en,-Duser.variant]
warn: removing resource com.example.horus:string/com_facebook_loginview_logged_in_using_facebook_f1gender without required default value.

w: D:\programs\Horus\app\src\main\java\com\example\horus\presentation\activity\EgyptainMuseumActivity.kt: (48, 17): Name shadowed: intent
w: D:\programs\Horus\app\src\main\java\com\example\horus\presentation\adapter\AntiquesMuseumsAdapter.kt: (50, 38): 'getter for adapterPosition: Int' is deprecated. Deprecated in Java
w: D:\programs\Horus\app\src\main\java\com\example\horus\presentation\adapter\BankAdapter.kt: (51, 38): 'getter for adapterPosition: Int' is deprecated. Deprecated in Java
w: D:\programs\Horus\app\src\main\java\com\example\horus\presentation\adapter\HospitalAdapter.kt: (53, 38): 'getter for adapterPosition: Int' is deprecated. Deprecated in Java
w: D:\programs\Horus\app\src\main\java\com\example\horus\presentation\adapter\HotelAdapter.kt: (54, 38): 'getter for adapterPosition: Int' is deprecated. Deprecated in Java
w: D:\programs\Horus\app\src\main\java\com\example\horus\presentation\adapter\MuseumAdapter.kt: (50, 38): 'getter for adapterPosition: Int' is deprecated. Deprecated in Java
w: D:\programs\Horus\app\src\main\java\com\example\horus\presentation\adapter\ResturantAdapter.kt: (50, 38): 'getter for adapterPosition: Int' is deprecated. Deprecated in Java
w: D:\programs\Horus\app\src\main\java\com\example\horus\presentation\adapter\ServicesExploreAdapter.kt: (50, 38): 'getter for adapterPosition: Int' is deprecated. Deprecated in Java
w: D:\programs\Horus\app\src\main\java\com\example\horus\presentation\adapter\TopPlacesExploreAdapter.kt: (48, 38): 'getter for adapterPosition: Int' is deprecated. Deprecated in Java

BUILD SUCCESSFUL in 11m 35s
37 actionable tasks: 10 executed, 27 up-to-date
2023-03-19T13:39:53.179+0200 [DEBUG] [org.gradle.launcher.daemon.server.exec.ExecuteBuild] The daemon has finished executing the build.
2023-03-19T13:39:53.197+0200 [DEBUG] [org.gradle.launcher.daemon.server.DaemonStateCoordinator] daemon is running. Sleeping until state changes.
2023-03-19T13:39:53.198+0200 [DEBUG] [org.gradle.launcher.daemon.server.DaemonStateCoordinator] Command execution: finished waiting for DaemonCommandExecution[command = Build{id=a038412d-019b-4d80-9705-a97c8bfe6985, currentDir=D:\programs\Horus}, connection = DefaultDaemonConnection: socket connection from /127.0.0.1:52590 to /127.0.0.1:52591]. Result org.gradle.launcher.daemon.server.DaemonStateCoordinator@5addb2ee with state Busy
2023-03-19T13:39:53.199+0200 [DEBUG] [org.gradle.launcher.daemon.server.DaemonStateCoordinator] Command execution: completed DaemonCommandExecution[command = Build{id=a038412d-019b-4d80-9705-a97c8bfe6985, currentDir=D:\programs\Horus}, connection = DefaultDaemonConnection: socket connection from /127.0.0.1:52590 to /127.0.0.1:52591]
2023-03-19T13:39:53.199+0200 [DEBUG] [org.gradle.launcher.daemon.server.DaemonStateCoordinator] resetting idle timer
2023-03-19T13:39:53.199+0200 [INFO] [org.gradle.launcher.daemon.server.DaemonRegistryUpdater] Marking the daemon as idle, address: [c4707126-aefe-4b14-8807-609ca8afce3e port:52590, addresses:[localhost/127.0.0.1]]
2023-03-19T13:39:53.199+0200 [DEBUG] [org.gradle.launcher.daemon.registry.PersistentDaemonRegistry] Marking busy by address: [c4707126-aefe-4b14-8807-609ca8afce3e port:52590, addresses:[localhost/127.0.0.1]]
2023-03-19T13:39:53.202+0200 [DEBUG] [org.gradle.cache.internal.DefaultFileLockManager] Waiting to acquire exclusive lock on daemon addresses registry.
2023-03-19T13:39:53.204+0200 [DEBUG] [org.gradle.cache.internal.DefaultFileLockManager] Lock acquired on daemon addresses registry.
2023-03-19T13:39:53.207+0200 [DEBUG] [org.gradle.cache.internal.DefaultFileLockManager] Releasing lock on daemon addresses registry.
2023-03-19T13:39:53.208+0200 [DEBUG] [org.gradle.launcher.daemon.server.DaemonStateCoordinator] daemon is running. Sleeping until state changes.
2023-03-19T13:39:53.208+0200 [DEBUG] [org.gradle.launcher.daemon.server.exec.ReturnResult] Daemon is dispatching the build result: Success[value=org.gradle.launcher.exec.BuildActionResult@23fc72f8]
2023-03-19T13:39:53.209+0200 [DEBUG] [org.gradle.launcher.daemon.server.SynchronizedDispatchConnection] thread 21: dispatching Success[value=org.gradle.launcher.exec.BuildActionResult@23fc72f8]
2023-03-19T13:39:53.211+0200 [DEBUG] [org.gradle.launcher.daemon.server.DefaultIncomingConnectionHandler] Finishing executing command: Build{id=a038412d-019b-4d80-9705-a97c8bfe6985, currentDir=D:\programs\Horus}
2023-03-19T13:39:53.332+0200 [DEBUG] [org.gradle.launcher.daemon.server.SynchronizedDispatchConnection] thread 22: received class org.gradle.launcher.daemon.protocol.Finished
2023-03-19T13:39:53.332+0200 [DEBUG] [org.gradle.launcher.daemon.server.DefaultDaemonConnection] thread 22: Received non-IO message from client: org.gradle.launcher.daemon.protocol.Finished@420c0161
2023-03-19T13:39:53.333+0200 [DEBUG] [org.gradle.launcher.daemon.server.DefaultIncomingConnectionHandler] Received finished message: org.gradle.launcher.daemon.protocol.Finished@420c0161
2023-03-19T13:39:53.333+0200 [DEBUG] [org.gradle.launcher.daemon.server.SynchronizedDispatchConnection] thread 21: stopping connection
2023-03-19T13:39:53.338+0200 [DEBUG] [org.gradle.internal.remote.internal.inet.SocketConnection] Discarding EOFException: java.io.EOFException
2023-03-19T13:39:53.339+0200 [DEBUG] [org.gradle.launcher.daemon.server.SynchronizedDispatchConnection] thread 22: received null
2023-03-19T13:39:53.339+0200 [DEBUG] [org.gradle.launcher.daemon.server.DefaultDaemonConnection] thread 22: Received end-of-input from client.
2023-03-19T13:39:53.340+0200 [DEBUG] [org.gradle.launcher.daemon.server.SynchronizedDispatchConnection] thread 21: stopping connection
2023-03-19T13:39:53.862+0200 [DEBUG] [org.gradle.cache.internal.DefaultFileLockManager] Waiting to acquire shared lock on daemon addresses registry.
2023-03-19T13:39:53.863+0200 [DEBUG] [org.gradle.cache.internal.DefaultFileLockManager] Lock acquired on daemon addresses registry.
2023-03-19T13:39:53.864+0200 [DEBUG] [org.gradle.cache.internal.DefaultFileLockManager] Releasing lock on daemon addresses registry.
2023-03-19T13:39:53.871+0200 [DEBUG] [org.gradle.cache.internal.DefaultFileLockManager] Waiting to acquire shared lock on daemon addresses registry.
2023-03-19T13:39:53.872+0200 [DEBUG] [org.gradle.cache.internal.DefaultFileLockManager] Lock acquired on daemon addresses registry.
2023-03-19T13:39:53.873+0200 [DEBUG] [org.gradle.cache.internal.DefaultFileLockManager] Releasing lock on daemon addresses registry.
2023-03-19T13:39:57.432+0200 [DEBUG] [org.gradle.process.internal.health.memory.DefaultMemoryManager] 844204441 memory requested, 520916992 free
2023-03-19T13:39:57.433+0200 [DEBUG] [org.gradle.workers.internal.WorkerDaemonExpiration] Will attempt to release 805 of memory
2023-03-19T13:39:57.433+0200 [DEBUG] [org.gradle.process.internal.health.memory.DefaultMemoryManager] 844204441 memory requested, 0 released, 520916992 free
2023-03-19T13:40:02.429+0200 [DEBUG] [org.gradle.process.internal.health.memory.DefaultMemoryManager] 844204441 memory requested, 492769280 free
2023-03-19T13:40:02.430+0200 [DEBUG] [org.gradle.workers.internal.WorkerDaemonExpiration] Will attempt to release 805 of memory
2023-03-19T13:40:02.430+0200 [DEBUG] [org.gradle.process.internal.health.memory.DefaultMemoryManager] 844204441 memory requested, 0 released, 492769280 free
2023-03-19T13:40:03.855+0200 [DEBUG] [org.gradle.cache.internal.DefaultFileLockManager] Waiting to acquire shared lock on daemon addresses registry.
2023-03-19T13:40:03.855+0200 [DEBUG] [org.gradle.cache.internal.DefaultFileLockManager] Lock acquired on daemon addresses registry.
2023-03-19T13:40:03.856+0200 [DEBUG] [org.gradle.cache.internal.DefaultFileLockManager] Releasing lock on daemon addresses registry.
2023-03-19T13:40:03.859+0200 [DEBUG] [org.gradle.cache.internal.DefaultFileLockManager] Waiting to acquire shared lock on daemon addresses registry.
2023-03-19T13:40:03.859+0200 [DEBUG] [org.gradle.cache.internal.DefaultFileLockManager] Lock acquired on daemon addresses registry.
2023-03-19T13:40:03.860+0200 [DEBUG] [org.gradle.cache.internal.DefaultFileLockManager] Releasing lock on daemon addresses registry.
2023-03-19T13:40:03.864+0200 [DEBUG] [org.gradle.cache.internal.DefaultFileLockManager] Waiting to acquire shared lock on daemon addresses registry.
2023-03-19T13:40:03.865+0200 [DEBUG] [org.gradle.cache.internal.DefaultFileLockManager] Lock acquired on daemon addresses registry.
2023-03-19T13:40:03.866+0200 [DEBUG] [org.gradle.cache.internal.DefaultFileLockManager] Releasing lock on daemon addresses registry.
2023-03-19T13:40:07.429+0200 [DEBUG] [org.gradle.process.internal.health.memory.DefaultMemoryManager] 844204441 memory requested, 460689408 free
2023-03-19T13:40:07.429+0200 [DEBUG] [org.gradle.workers.internal.WorkerDaemonExpiration] Will attempt to release 805 of memory
2023-03-19T13:40:07.430+0200 [DEBUG] [org.gradle.process.internal.health.memory.DefaultMemoryManager] 844204441 memory requested, 0 released, 460689408 free
2023-03-19T13:40:12.425+0200 [DEBUG] [org.gradle.process.internal.health.memory.DefaultMemoryManager] 844204441 memory requested, 458768384 free
2023-03-19T13:40:12.426+0200 [DEBUG] [org.gradle.workers.internal.WorkerDaemonExpiration] Will attempt to release 805 of memory
2023-03-19T13:40:12.426+0200 [DEBUG] [org.gradle.process.internal.health.memory.DefaultMemoryManager] 844204441 memory requested, 0 released, 458768384 free
2023-03-19T13:40:13.860+0200 [DEBUG] [org.gradle.cache.internal.DefaultFileLockManager] Waiting to acquire shared lock on daemon addresses registry.
2023-03-19T13:40:13.862+0200 [DEBUG] [org.gradle.cache.internal.DefaultFileLockManager] Lock acquired on daemon addresses registry.
2023-03-19T13:40:13.863+0200 [DEBUG] [org.gradle.cache.internal.DefaultFileLockManager] Releasing lock on daemon addresses registry.
2023-03-19T13:40:13.867+0200 [DEBUG] [org.gradle.cache.internal.DefaultFileLockManager] Waiting to acquire shared lock on daemon addresses registry.
2023-03-19T13:40:13.868+0200 [DEBUG] [org.gradle.cache.internal.DefaultFileLockManager] Lock acquired on daemon addresses registry.
2023-03-19T13:40:13.869+0200 [DEBUG] [org.gradle.cache.internal.DefaultFileLockManager] Releasing lock on daemon addresses registry.
2023-03-19T13:40:13.871+0200 [DEBUG] [org.gradle.cache.internal.DefaultFileLockManager] Waiting to acquire shared lock on daemon addresses registry.
2023-03-19T13:40:13.872+0200 [DEBUG] [org.gradle.cache.internal.DefaultFileLockManager] Lock acquired on daemon addresses registry.
2023-03-19T13:40:13.872+0200 [DEBUG] [org.gradle.cache.internal.DefaultFileLockManager] Releasing lock on daemon addresses registry.
2023-03-19T13:40:17.437+0200 [DEBUG] [org.gradle.process.internal.health.memory.DefaultMemoryManager] 844204441 memory requested, 449691648 free
2023-03-19T13:40:17.438+0200 [DEBUG] [org.gradle.workers.internal.WorkerDaemonExpiration] Will attempt to release 805 of memory
2023-03-19T13:40:17.438+0200 [DEBUG] [org.gradle.process.internal.health.memory.DefaultMemoryManager] 844204441 memory requested, 0 released, 449691648 free
2023-03-19T13:40:22.427+0200 [DEBUG] [org.gradle.process.internal.health.memory.DefaultMemoryManager] 844204441 memory requested, 497991680 free
2023-03-19T13:40:22.427+0200 [DEBUG] [org.gradle.workers.internal.WorkerDaemonExpiration] Will attempt to release 805 of memory
2023-03-19T13:40:22.427+0200 [DEBUG] [org.gradle.process.internal.health.memory.DefaultMemoryManager] 844204441 memory requested, 0 released, 497991680 free
2023-03-19T13:40:23.861+0200 [DEBUG] [org.gradle.cache.internal.DefaultFileLockManager] Waiting to acquire shared lock on daemon addresses registry.
2023-03-19T13:40:23.862+0200 [DEBUG] [org.gradle.cache.internal.DefaultFileLockManager] Lock acquired on daemon addresses registry.
2023-03-19T13:40:23.863+0200 [DEBUG] [org.gradle.cache.internal.DefaultFileLockManager] Releasing lock on daemon addresses registry.
2023-03-19T13:40:23.868+0200 [DEBUG] [org.gradle.cache.internal.DefaultFileLockManager] Waiting to acquire shared lock on daemon addresses registry.
2023-03-19T13:40:23.868+0200 [DEBUG] [org.gradle.cache.internal.DefaultFileLockManager] Lock acquired on daemon addresses registry.
2023-03-19T13:40:23.869+0200 [DEBUG] [org.gradle.cache.internal.DefaultFileLockManager] Releasing lock on daemon addresses registry.
2023-03-19T13:40:23.873+0200 [DEBUG] [org.gradle.cache.internal.DefaultFileLockManager] Waiting to acquire shared lock on daemon addresses registry.
2023-03-19T13:40:23.874+0200 [DEBUG] [org.gradle.cache.internal.DefaultFileLockManager] Lock acquired on daemon addresses registry.
2023-03-19T13:40:23.875+0200 [DEBUG] [org.gradle.cache.internal.DefaultFileLockManager] Releasing lock on daemon addresses registry.
2023-03-19T13:40:27.423+0200 [DEBUG] [org.gradle.process.internal.health.memory.DefaultMemoryManager] 844204441 memory requested, 492851200 free
2023-03-19T13:40:27.424+0200 [DEBUG] [org.gradle.workers.internal.WorkerDaemonExpiration] Will attempt to release 805 of memory
2023-03-19T13:40:27.424+0200 [DEBUG] [org.gradle.process.internal.health.memory.DefaultMemoryManager] 844204441 memory requested, 0 released, 492851200 free
2023-03-19T13:40:32.428+0200 [DEBUG] [org.gradle.process.internal.health.memory.DefaultMemoryManager] 844204441 memory requested, 480546816 free
2023-03-19T13:40:32.428+0200 [DEBUG] [org.gradle.workers.internal.WorkerDaemonExpiration] Will attempt to release 805 of memory
2023-03-19T13:40:32.428+0200 [DEBUG] [org.gradle.process.internal.health.memory.DefaultMemoryManager] 844204441 memory requested, 0 released, 480546816 free
2023-03-19T13:40:33.860+0200 [DEBUG] [org.gradle.cache.internal.DefaultFileLockManager] Waiting to acquire shared lock on daemon addresses registry.
2023-03-19T13:40:33.860+0200 [DEBUG] [org.gradle.cache.internal.DefaultFileLockManager] Lock acquired on daemon addresses registry.
2023-03-19T13:40:33.860+0200 [DEBUG] [org.gradle.cache.internal.DefaultFileLockManager] Releasing lock on daemon addresses registry.
2023-03-19T13:40:33.862+0200 [DEBUG] [org.gradle.cache.internal.DefaultFileLockManager] Waiting to acquire shared lock on daemon addresses registry.
2023-03-19T13:40:33.862+0200 [DEBUG] [org.gradle.cache.internal.DefaultFileLockManager] Lock acquired on daemon addresses registry.
2023-03-19T13:40:33.863+0200 [DEBUG] [org.gradle.cache.internal.DefaultFileLockManager] Releasing lock on daemon addresses registry.
2023-03-19T13:40:33.864+0200 [DEBUG] [org.gradle.cache.internal.DefaultFileLockManager] Waiting to acquire shared lock on daemon addresses registry.
2023-03-19T13:40:33.865+0200 [DEBUG] [org.gradle.cache.internal.DefaultFileLockManager] Lock acquired on daemon addresses registry.
2023-03-19T13:40:33.865+0200 [DEBUG] [org.gradle.cache.internal.DefaultFileLockManager] Releasing lock on daemon addresses registry.
2023-03-19T13:40:37.425+0200 [DEBUG] [org.gradle.process.internal.health.memory.DefaultMemoryManager] 844204441 memory requested, 487399424 free
2023-03-19T13:40:37.425+0200 [DEBUG] [org.gradle.workers.internal.WorkerDaemonExpiration] Will attempt to release 805 of memory
2023-03-19T13:40:37.425+0200 [DEBUG] [org.gradle.process.internal.health.memory.DefaultMemoryManager] 844204441 memory requested, 0 released, 487399424 free
2023-03-19T13:40:42.430+0200 [DEBUG] [org.gradle.process.internal.health.memory.DefaultMemoryManager] 844204441 memory requested, 484265984 free
2023-03-19T13:40:42.430+0200 [DEBUG] [org.gradle.workers.internal.WorkerDaemonExpiration] Will attempt to release 805 of memory
2023-03-19T13:40:42.430+0200 [DEBUG] [org.gradle.process.internal.health.memory.DefaultMemoryManager] 844204441 memory requested, 0 released, 484265984 free
2023-03-19T13:40:43.864+0200 [DEBUG] [org.gradle.cache.internal.DefaultFileLockManager] Waiting to acquire shared lock on daemon addresses registry.
2023-03-19T13:40:43.865+0200 [DEBUG] [org.gradle.cache.internal.DefaultFileLockManager] Lock acquired on daemon addresses registry.
2023-03-19T13:40:43.866+0200 [DEBUG] [org.gradle.cache.internal.DefaultFileLockManager] Releasing lock on daemon addresses registry.
2023-03-19T13:40:43.868+0200 [DEBUG] [org.gradle.cache.internal.DefaultFileLockManager] Waiting to acquire shared lock on daemon addresses registry.
2023-03-19T13:40:43.868+0200 [DEBUG] [org.gradle.cache.internal.DefaultFileLockManager] Lock acquired on daemon addresses registry.
2023-03-19T13:40:43.869+0200 [DEBUG] [org.gradle.cache.internal.DefaultFileLockManager] Releasing lock on daemon addresses registry.
2023-03-19T13:40:43.870+0200 [DEBUG] [org.gradle.cache.internal.DefaultFileLockManager] Waiting to acquire shared lock on daemon addresses registry.
2023-03-19T13:40:43.871+0200 [DEBUG] [org.gradle.cache.internal.DefaultFileLockManager] Lock acquired on daemon addresses registry.
2023-03-19T13:40:43.871+0200 [DEBUG] [org.gradle.cache.internal.DefaultFileLockManager] Releasing lock on daemon addresses registry.
2023-03-19T13:40:47.422+0200 [DEBUG] [org.gradle.process.internal.health.memory.DefaultMemoryManager] 844204441 memory requested, 512618496 free
2023-03-19T13:40:47.423+0200 [DEBUG] [org.gradle.workers.internal.WorkerDaemonExpiration] Will attempt to release 805 of memory
2023-03-19T13:40:47.423+0200 [DEBUG] [org.gradle.process.internal.health.memory.DefaultMemoryManager] 844204441 memory requested, 0 released, 512618496 free
2023-03-19T13:40:52.431+0200 [DEBUG] [org.gradle.process.internal.health.memory.DefaultMemoryManager] 844204441 memory requested, 447168512 free
2023-03-19T13:40:52.431+0200 [DEBUG] [org.gradle.workers.internal.WorkerDaemonExpiration] Will attempt to release 805 of memory
2023-03-19T13:40:52.431+0200 [DEBUG] [org.gradle.process.internal.health.memory.DefaultMemoryManager] 844204441 memory requested, 0 released, 447168512 free
2023-03-19T13:40:53.858+0200 [DEBUG] [org.gradle.cache.internal.DefaultFileLockManager] Waiting to acquire shared lock on daemon addresses registry.
2023-03-19T13:40:53.859+0200 [DEBUG] [org.gradle.cache.internal.DefaultFileLockManager] Lock acquired on daemon addresses registry.
2023-03-19T13:40:53.859+0200 [DEBUG] [org.gradle.cache.internal.DefaultFileLockManager] Releasing lock on daemon addresses registry.
2023-03-19T13:40:53.861+0200 [DEBUG] [org.gradle.cache.internal.DefaultFileLockManager] Waiting to acquire shared lock on daemon addresses registry.
2023-03-19T13:40:53.862+0200 [DEBUG] [org.gradle.cache.internal.DefaultFileLockManager] Lock acquired on daemon addresses registry.
2023-03-19T13:40:53.862+0200 [DEBUG] [org.gradle.cache.internal.DefaultFileLockManager] Releasing lock on daemon addresses registry.
2023-03-19T13:40:53.864+0200 [DEBUG] [org.gradle.cache.internal.DefaultFileLockManager] Waiting to acquire shared lock on daemon addresses registry.
2023-03-19T13:40:53.865+0200 [DEBUG] [org.gradle.cache.internal.DefaultFileLockManager] Lock acquired on daemon addresses registry.
2023-03-19T13:40:53.865+0200 [DEBUG] [org.gradle.cache.internal.DefaultFileLockManager] Releasing lock on daemon addresses registry.
2023-03-19T13:40:57.436+0200 [DEBUG] [org.gradle.process.internal.health.memory.DefaultMemoryManager] 844204441 memory requested, 516870144 free
2023-03-19T13:40:57.436+0200 [DEBUG] [org.gradle.workers.internal.WorkerDaemonExpiration] Will attempt to release 805 of memory
2023-03-19T13:40:57.436+0200 [DEBUG] [org.gradle.process.internal.health.memory.DefaultMemoryManager] 844204441 memory requested, 0 released, 516870144 free
2023-03-19T13:41:02.422+0200 [DEBUG] [org.gradle.process.internal.health.memory.DefaultMemoryManager] 844204441 memory requested, 513683456 free
2023-03-19T13:41:02.423+0200 [DEBUG] [org.gradle.workers.internal.WorkerDaemonExpiration] Will attempt to release 805 of memory
2023-03-19T13:41:02.423+0200 [DEBUG] [org.gradle.process.internal.health.memory.DefaultMemoryManager] 844204441 memory requested, 0 released, 513683456 free
2023-03-19T13:41:03.866+0200 [DEBUG] [org.gradle.cache.internal.DefaultFileLockManager] Waiting to acquire shared lock on daemon addresses registry.
2023-03-19T13:41:03.866+0200 [DEBUG] [org.gradle.cache.internal.DefaultFileLockManager] Lock acquired on daemon addresses registry.
2023-03-19T13:41:03.867+0200 [DEBUG] [org.gradle.cache.internal.DefaultFileLockManager] Releasing lock on daemon addresses registry.
2023-03-19T13:41:03.870+0200 [DEBUG] [org.gradle.cache.internal.DefaultFileLockManager] Waiting to acquire shared lock on daemon addresses registry.
2023-03-19T13:41:03.870+0200 [DEBUG] [org.gradle.cache.internal.DefaultFileLockManager] Lock acquired on daemon addresses registry.
2023-03-19T13:41:03.871+0200 [DEBUG] [org.gradle.cache.internal.DefaultFileLockManager] Releasing lock on daemon addresses registry.
2023-03-19T13:41:03.872+0200 [DEBUG] [org.gradle.cache.internal.DefaultFileLockManager] Waiting to acquire shared lock on daemon addresses registry.
2023-03-19T13:41:03.873+0200 [DEBUG] [org.gradle.cache.internal.DefaultFileLockManager] Lock acquired on daemon addresses registry.
2023-03-19T13:41:03.873+0200 [DEBUG] [org.gradle.cache.internal.DefaultFileLockManager] Releasing lock on daemon addresses registry.
2023-03-19T13:41:07.423+0200 [DEBUG] [org.gradle.process.internal.health.memory.DefaultMemoryManager] 844204441 memory requested, 463536128 free
2023-03-19T13:41:07.424+0200 [DEBUG] [org.gradle.workers.internal.WorkerDaemonExpiration] Will attempt to release 805 of memory
2023-03-19T13:41:07.424+0200 [DEBUG] [org.gradle.process.internal.health.memory.DefaultMemoryManager] 844204441 memory requested, 0 released, 463536128 free
2023-03-19T13:41:12.422+0200 [DEBUG] [org.gradle.process.internal.health.memory.DefaultMemoryManager] 844204441 memory requested, 392736768 free
2023-03-19T13:41:12.423+0200 [DEBUG] [org.gradle.workers.internal.WorkerDaemonExpiration] Will attempt to release 805 of memory
2023-03-19T13:41:12.423+0200 [DEBUG] [org.gradle.process.internal.health.memory.DefaultMemoryManager] 844204441 memory requested, 0 released, 392736768 free
2023-03-19T13:41:13.856+0200 [DEBUG] [org.gradle.cache.internal.DefaultFileLockManager] Waiting to acquire shared lock on daemon addresses registry.
2023-03-19T13:41:14.402+0200 [DEBUG] [org.gradle.cache.internal.DefaultFileLockManager] Lock acquired on daemon addresses registry.
2023-03-19T13:41:14.403+0200 [DEBUG] [org.gradle.cache.internal.DefaultFileLockManager] Releasing lock on daemon addresses registry.
2023-03-19T13:41:14.408+0200 [DEBUG] [org.gradle.cache.internal.DefaultFileLockManager] Waiting to acquire shared lock on daemon addresses registry.
2023-03-19T13:41:14.409+0200 [DEBUG] [org.gradle.cache.internal.DefaultFileLockManager] Lock acquired on daemon addresses registry.
2023-03-19T13:41:14.410+0200 [DEBUG] [org.gradle.cache.internal.DefaultFileLockManager] Releasing lock on daemon addresses registry.
2023-03-19T13:41:14.414+0200 [DEBUG] [org.gradle.cache.internal.DefaultFileLockManager] Waiting to acquire shared lock on daemon addresses registry.
2023-03-19T13:41:14.414+0200 [DEBUG] [org.gradle.cache.internal.DefaultFileLockManager] Lock acquired on daemon addresses registry.
2023-03-19T13:41:14.415+0200 [DEBUG] [org.gradle.cache.internal.DefaultFileLockManager] Releasing lock on daemon addresses registry.
2023-03-19T13:41:17.424+0200 [DEBUG] [org.gradle.process.internal.health.memory.DefaultMemoryManager] 844204441 memory requested, 407592960 free
2023-03-19T13:41:17.424+0200 [DEBUG] [org.gradle.workers.internal.WorkerDaemonExpiration] Will attempt to release 805 of memory
2023-03-19T13:41:17.424+0200 [DEBUG] [org.gradle.process.internal.health.memory.DefaultMemoryManager] 844204441 memory requested, 0 released, 407592960 free
2023-03-19T13:41:22.422+0200 [DEBUG] [org.gradle.process.internal.health.memory.DefaultMemoryManager] 844204441 memory requested, 405659648 free
2023-03-19T13:41:22.422+0200 [DEBUG] [org.gradle.workers.internal.WorkerDaemonExpiration] Will attempt to release 805 of memory
2023-03-19T13:41:22.423+0200 [DEBUG] [org.gradle.process.internal.health.memory.DefaultMemoryManager] 844204441 memory requested, 0 released, 405659648 free
2023-03-19T13:41:23.853+0200 [DEBUG] [org.gradle.cache.internal.DefaultFileLockManager] Waiting to acquire shared lock on daemon addresses registry.
2023-03-19T13:41:23.854+0200 [DEBUG] [org.gradle.cache.internal.DefaultFileLockManager] Lock acquired on daemon addresses registry.
2023-03-19T13:41:23.854+0200 [DEBUG] [org.gradle.cache.internal.DefaultFileLockManager] Releasing lock on daemon addresses registry.
2023-03-19T13:41:23.858+0200 [DEBUG] [org.gradle.cache.internal.DefaultFileLockManager] Waiting to acquire shared lock on daemon addresses registry.
2023-03-19T13:41:23.858+0200 [DEBUG] [org.gradle.cache.internal.DefaultFileLockManager] Lock acquired on daemon addresses registry.
2023-03-19T13:41:23.859+0200 [DEBUG] [org.gradle.cache.internal.DefaultFileLockManager] Releasing lock on daemon addresses registry.
2023-03-19T13:41:23.861+0200 [DEBUG] [org.gradle.cache.internal.DefaultFileLockManager] Waiting to acquire shared lock on daemon addresses registry.
2023-03-19T13:41:23.862+0200 [DEBUG] [org.gradle.cache.internal.DefaultFileLockManager] Lock acquired on daemon addresses registry.
2023-03-19T13:41:23.862+0200 [DEBUG] [org.gradle.cache.internal.DefaultFileLockManager] Releasing lock on daemon addresses registry.
2023-03-19T13:41:27.423+0200 [DEBUG] [org.gradle.process.internal.health.memory.DefaultMemoryManager] 844204441 memory requested, 371245056 free
2023-03-19T13:41:27.424+0200 [DEBUG] [org.gradle.workers.internal.WorkerDaemonExpiration] Will attempt to release 805 of memory
2023-03-19T13:41:27.424+0200 [DEBUG] [org.gradle.process.internal.health.memory.DefaultMemoryManager] 844204441 memory requested, 0 released, 371245056 free
2023-03-19T13:41:32.423+0200 [DEBUG] [org.gradle.process.internal.health.memory.DefaultMemoryManager] 844204441 memory requested, 384143360 free
2023-03-19T13:41:32.424+0200 [DEBUG] [org.gradle.workers.internal.WorkerDaemonExpiration] Will attempt to release 805 of memory
2023-03-19T13:41:32.424+0200 [DEBUG] [org.gradle.process.internal.health.memory.DefaultMemoryManager] 844204441 memory requested, 0 released, 384143360 free
2023-03-19T13:41:33.857+0200 [DEBUG] [org.gradle.cache.internal.DefaultFileLockManager] Waiting to acquire shared lock on daemon addresses registry.
2023-03-19T13:41:33.857+0200 [DEBUG] [org.gradle.cache.internal.DefaultFileLockManager] Lock acquired on daemon addresses registry.
2023-03-19T13:41:33.858+0200 [DEBUG] [org.gradle.cache.internal.DefaultFileLockManager] Releasing lock on daemon addresses registry.
2023-03-19T13:41:33.862+0200 [DEBUG] [org.gradle.cache.internal.DefaultFileLockManager] Waiting to acquire shared lock on daemon addresses registry.
2023-03-19T13:41:33.863+0200 [DEBUG] [org.gradle.cache.internal.DefaultFileLockManager] Lock acquired on daemon addresses registry.
2023-03-19T13:41:33.864+0200 [DEBUG] [org.gradle.cache.internal.DefaultFileLockManager] Releasing lock on daemon addresses registry.
2023-03-19T13:41:33.867+0200 [DEBUG] [org.gradle.cache.internal.DefaultFileLockManager] Waiting to acquire shared lock on daemon addresses registry.
2023-03-19T13:41:33.867+0200 [DEBUG] [org.gradle.cache.internal.DefaultFileLockManager] Lock acquired on daemon addresses registry.
2023-03-19T13:41:33.868+0200 [DEBUG] [org.gradle.cache.internal.DefaultFileLockManager] Releasing lock on daemon addresses registry.
2023-03-19T13:41:34.561+0200 [DEBUG] [org.gradle.internal.remote.internal.inet.TcpIncomingConnector] Accepted connection from /127.0.0.1:52943 to /127.0.0.1:52590.
2023-03-19T13:41:34.616+0200 [DEBUG] [org.gradle.launcher.daemon.server.SynchronizedDispatchConnection] thread 239: received class org.gradle.launcher.daemon.protocol.StopWhenIdle
2023-03-19T13:41:34.617+0200 [DEBUG] [org.gradle.launcher.daemon.server.DefaultDaemonConnection] thread 239: Received non-IO message from client: StopWhenIdle[id=39af5199-30d1-4c8f-97f1-207a18e65691]
2023-03-19T13:41:34.617+0200 [INFO] [org.gradle.launcher.daemon.server.DefaultIncomingConnectionHandler] Received command: StopWhenIdle[id=39af5199-30d1-4c8f-97f1-207a18e65691].
2023-03-19T13:41:34.618+0200 [DEBUG] [org.gradle.launcher.daemon.server.DefaultIncomingConnectionHandler] Starting executing command: StopWhenIdle[id=39af5199-30d1-4c8f-97f1-207a18e65691] with connection: socket connection from /127.0.0.1:52590 to /127.0.0.1:52943.
2023-03-19T13:41:34.619+0200 [DEBUG] [org.gradle.launcher.daemon.server.DaemonRegistryUpdater] Storing daemon stop event: stop command received
2023-03-19T13:41:34.619+0200 [DEBUG] [org.gradle.launcher.daemon.registry.PersistentDaemonRegistry] Storing daemon stop event with timestamp 1679226094619
2023-03-19T13:41:34.623+0200 [DEBUG] [org.gradle.cache.internal.DefaultFileLockManager] Waiting to acquire exclusive lock on daemon addresses registry.
2023-03-19T13:41:34.624+0200 [DEBUG] [org.gradle.cache.internal.DefaultFileLockManager] Lock acquired on daemon addresses registry.
2023-03-19T13:41:34.627+0200 [DEBUG] [org.gradle.cache.internal.DefaultFileLockManager] Releasing lock on daemon addresses registry.
2023-03-19T13:41:34.629+0200 [LIFECYCLE] [org.gradle.launcher.daemon.server.DaemonStateCoordinator] Daemon will be stopped at the end of the build stop command received
2023-03-19T13:41:34.629+0200 [DEBUG] [org.gradle.launcher.daemon.server.DaemonStateCoordinator] Marking daemon stopped due to stop command received. The daemon is running a build: false
2023-03-19T13:41:34.629+0200 [DEBUG] [org.gradle.launcher.daemon.server.SynchronizedDispatchConnection] thread 238: dispatching Success[value=null]
2023-03-19T13:41:34.629+0200 [DEBUG] [org.gradle.launcher.daemon.server.DaemonStateCoordinator] daemon has stopped.
2023-03-19T13:41:34.630+0200 [DEBUG] [org.gradle.launcher.daemon.server.Daemon] stop() called on daemon
2023-03-19T13:41:34.630+0200 [DEBUG] [org.gradle.launcher.daemon.server.DefaultIncomingConnectionHandler] Finishing executing command: StopWhenIdle[id=39af5199-30d1-4c8f-97f1-207a18e65691]
2023-03-19T13:41:34.631+0200 [DEBUG] [org.gradle.launcher.daemon.server.SynchronizedDispatchConnection] thread 239: received class org.gradle.launcher.daemon.protocol.Finished
2023-03-19T13:41:34.630+0200 [INFO] [org.gradle.launcher.daemon.server.Daemon] Stop requested. Daemon is removing its presence from the registry...
2023-03-19T13:41:34.631+0200 [DEBUG] [org.gradle.launcher.daemon.server.DefaultDaemonConnection] thread 239: Received non-IO message from client: org.gradle.launcher.daemon.protocol.Finished@642b8bea
2023-03-19T13:41:34.632+0200 [DEBUG] [org.gradle.launcher.daemon.server.DaemonRegistryUpdater] Removing our presence to clients, eg. removing this address from the registry: [c4707126-aefe-4b14-8807-609ca8afce3e port:52590, addresses:[localhost/127.0.0.1]]
2023-03-19T13:41:34.632+0200 [DEBUG] [org.gradle.launcher.daemon.server.DefaultIncomingConnectionHandler] Received finished message: org.gradle.launcher.daemon.protocol.Finished@642b8bea
2023-03-19T13:41:34.633+0200 [DEBUG] [org.gradle.internal.remote.internal.inet.SocketConnection] Discarding EOFException: java.io.EOFException
2023-03-19T13:41:34.633+0200 [DEBUG] [org.gradle.launcher.daemon.registry.PersistentDaemonRegistry] Removing daemon address: [c4707126-aefe-4b14-8807-609ca8afce3e port:52590, addresses:[localhost/127.0.0.1]]
2023-03-19T13:41:34.634+0200 [DEBUG] [org.gradle.launcher.daemon.server.SynchronizedDispatchConnection] thread 239: received null
2023-03-19T13:41:34.634+0200 [DEBUG] [org.gradle.launcher.daemon.server.SynchronizedDispatchConnection] thread 238: stopping connection
2023-03-19T13:41:34.635+0200 [DEBUG] [org.gradle.launcher.daemon.server.DefaultDaemonConnection] thread 239: Received end-of-input from client.
2023-03-19T13:41:34.636+0200 [DEBUG] [org.gradle.launcher.daemon.server.SynchronizedDispatchConnection] thread 238: stopping connection
2023-03-19T13:41:34.638+0200 [DEBUG] [org.gradle.cache.internal.DefaultFileLockManager] Waiting to acquire exclusive lock on daemon addresses registry.
2023-03-19T13:41:34.639+0200 [DEBUG] [org.gradle.cache.internal.DefaultFileLockManager] Lock acquired on daemon addresses registry.
2023-03-19T13:41:34.642+0200 [DEBUG] [org.gradle.cache.internal.DefaultFileLockManager] Releasing lock on daemon addresses registry.
2023-03-19T13:41:34.643+0200 [DEBUG] [org.gradle.launcher.daemon.server.DaemonRegistryUpdater] Address removed from registry.
2023-03-19T13:41:34.670+0200 [DEBUG] [org.gradle.cache.internal.LockOnDemandCrossProcessCacheAccess] Releasing file lock for jars (D:\programs\Horus\caches\jars-9)
2023-03-19T13:41:34.671+0200 [DEBUG] [org.gradle.cache.internal.DefaultFileLockManager] Releasing lock on jars (D:\programs\Horus\caches\jars-9).
2023-03-19T13:41:34.672+0200 [DEBUG] [org.gradle.cache.internal.DefaultPersistentDirectoryStore] jars (D:\programs\Horus\caches\jars-9) has last been fully cleaned up 40 hours ago
2023-03-19T13:41:34.723+0200 [INFO] [org.gradle.cache.internal.AbstractCacheCleanup] jars (D:\programs\Horus\caches\jars-9) cleanup deleted 0 files/directories.
2023-03-19T13:41:34.724+0200 [INFO] [org.gradle.cache.internal.LeastRecentlyUsedCacheCleanup] jars (D:\programs\Horus\caches\jars-9) removing files not accessed on or after Sun Mar 12 13:31:55 EET 2023.
2023-03-19T13:41:34.780+0200 [INFO] [org.gradle.cache.internal.AbstractCacheCleanup] jars (D:\programs\Horus\caches\jars-9) cleanup deleted 0 files/directories.
2023-03-19T13:41:34.782+0200 [INFO] [org.gradle.cache.internal.DefaultPersistentDirectoryStore] jars (D:\programs\Horus\caches\jars-9) cleaned up in 0.109 secs.
2023-03-19T13:41:34.783+0200 [DEBUG] [org.gradle.cache.internal.LockOnDemandCrossProcessCacheAccess] Releasing file lock for Artifact transforms cache (D:\programs\Horus\caches\transforms-3)
2023-03-19T13:41:34.783+0200 [DEBUG] [org.gradle.cache.internal.DefaultFileLockManager] Releasing lock on Artifact transforms cache (D:\programs\Horus\caches\transforms-3).
2023-03-19T13:41:34.829+0200 [DEBUG] [org.gradle.cache.internal.DefaultPersistentDirectoryStore] Artifact transforms cache (D:\programs\Horus\caches\transforms-3) has last been fully cleaned up 40 hours ago
2023-03-19T13:41:34.830+0200 [INFO] [org.gradle.cache.internal.LeastRecentlyUsedCacheCleanup] Artifact transforms cache (D:\programs\Horus\caches\transforms-3) removing files not accessed on or after Sun Mar 12 13:31:59 EET 2023.
2023-03-19T13:41:35.583+0200 [INFO] [org.gradle.cache.internal.AbstractCacheCleanup] Artifact transforms cache (D:\programs\Horus\caches\transforms-3) cleanup deleted 0 files/directories.
2023-03-19T13:41:35.585+0200 [INFO] [org.gradle.cache.internal.DefaultPersistentDirectoryStore] Artifact transforms cache (D:\programs\Horus\caches\transforms-3) cleaned up in 0.754 secs.
2023-03-19T13:41:35.870+0200 [DEBUG] [org.gradle.cache.internal.LockOnDemandCrossProcessCacheAccess] Releasing file lock for file content cache (D:\programs\Horus\caches\7.4\fileContent)
2023-03-19T13:41:35.870+0200 [DEBUG] [org.gradle.cache.internal.btree.BTreePersistentIndexedCache] Closing cache annotation-processors.bin (D:\programs\Horus\caches\7.4\fileContent\annotation-processors.bin)
2023-03-19T13:41:35.871+0200 [DEBUG] [org.gradle.cache.internal.DefaultFileLockManager] Releasing lock on file content cache (D:\programs\Horus\caches\7.4\fileContent).
2023-03-19T13:41:35.872+0200 [DEBUG] [org.gradle.internal.watch.vfs.impl.WatchingVirtualFileSystem] Closing VFS, dropping state
2023-03-19T13:41:35.875+0200 [DEBUG] [org.gradle.cache.internal.LockOnDemandCrossProcessCacheAccess] Releasing file lock for artifact cache (D:\programs\Horus\caches\modules-2)
2023-03-19T13:41:35.875+0200 [DEBUG] [org.gradle.internal.watch.registry.impl.DefaultFileWatcherRegistry] Finished listening to file system change events
2023-03-19T13:41:35.876+0200 [DEBUG] [org.gradle.cache.internal.btree.BTreePersistentIndexedCache] Closing cache module-metadata.bin (D:\programs\Horus\caches\modules-2\metadata-2.97\module-metadata.bin)
2023-03-19T13:41:35.876+0200 [DEBUG] [org.gradle.cache.internal.btree.BTreePersistentIndexedCache] Closing cache module-artifact.bin (D:\programs\Horus\caches\modules-2\metadata-2.97\module-artifact.bin)
2023-03-19T13:41:35.877+0200 [DEBUG] [org.gradle.cache.internal.btree.BTreePersistentIndexedCache] Closing cache module-artifacts.bin (D:\programs\Horus\caches\modules-2\metadata-2.97\module-artifacts.bin)
2023-03-19T13:41:35.878+0200 [DEBUG] [org.gradle.cache.internal.DefaultFileLockManager] Releasing lock on artifact cache (D:\programs\Horus\caches\modules-2).
2023-03-19T13:41:35.879+0200 [DEBUG] [org.gradle.cache.internal.DefaultPersistentDirectoryStore] artifact cache (D:\programs\Horus\caches\modules-2) has last been fully cleaned up 43 hours ago
2023-03-19T13:41:35.881+0200 [INFO] [org.gradle.cache.internal.AbstractCacheCleanup] artifact cache (D:\programs\Horus\caches\modules-2) cleanup deleted 0 files/directories.
2023-03-19T13:41:35.884+0200 [INFO] [org.gradle.cache.internal.AbstractCacheCleanup] artifact cache (D:\programs\Horus\caches\modules-2) [subdir: D:\programs\Horus\caches\modules-2\resources-2.1] cleanup deleted 0 files/directories.
2023-03-19T13:41:35.884+0200 [INFO] [org.gradle.cache.internal.LeastRecentlyUsedCacheCleanup] artifact cache (D:\programs\Horus\caches\modules-2) [subdir: D:\programs\Horus\caches\modules-2\resources-2.1] removing files not accessed on or after Fri Feb 17 13:32:08 EET 2023.
2023-03-19T13:41:35.885+0200 [INFO] [org.gradle.cache.internal.AbstractCacheCleanup] artifact cache (D:\programs\Horus\caches\modules-2) [subdir: D:\programs\Horus\caches\modules-2\resources-2.1] cleanup deleted 0 files/directories.
2023-03-19T13:41:35.887+0200 [INFO] [org.gradle.cache.internal.AbstractCacheCleanup] artifact cache (D:\programs\Horus\caches\modules-2) [subdir: D:\programs\Horus\caches\modules-2\files-2.1] cleanup deleted 0 files/directories.
2023-03-19T13:41:35.887+0200 [INFO] [org.gradle.cache.internal.LeastRecentlyUsedCacheCleanup] artifact cache (D:\programs\Horus\caches\modules-2) [subdir: D:\programs\Horus\caches\modules-2\files-2.1] removing files not accessed on or after Fri Feb 17 13:32:08 EET 2023.
2023-03-19T13:41:37.423+0200 [DEBUG] [org.gradle.process.internal.health.memory.DefaultMemoryManager] 844204441 memory requested, 454905856 free
2023-03-19T13:41:37.424+0200 [DEBUG] [org.gradle.process.internal.health.memory.DefaultMemoryManager] 844204441 memory requested, 0 released, 454905856 free
2023-03-19T13:41:38.452+0200 [INFO] [org.gradle.cache.internal.AbstractCacheCleanup] artifact cache (D:\programs\Horus\caches\modules-2) [subdir: D:\programs\Horus\caches\modules-2\files-2.1] cleanup deleted 271 files/directories.
2023-03-19T13:41:38.454+0200 [INFO] [org.gradle.cache.internal.AbstractCacheCleanup] artifact cache (D:\programs\Horus\caches\modules-2) [subdir: D:\programs\Horus\caches\modules-2\metadata-2.97] cleanup deleted 0 files/directories.
2023-03-19T13:41:38.456+0200 [INFO] [org.gradle.cache.internal.DefaultPersistentDirectoryStore] artifact cache (D:\programs\Horus\caches\modules-2) cleaned up in 2.575 secs.
2023-03-19T13:41:38.456+0200 [DEBUG] [org.gradle.cache.internal.LockOnDemandCrossProcessCacheAccess] Releasing file lock for journal cache (D:\programs\Horus\caches\journal-1)
2023-03-19T13:41:38.457+0200 [DEBUG] [org.gradle.cache.internal.btree.BTreePersistentIndexedCache] Closing cache file-access.bin (D:\programs\Horus\caches\journal-1\file-access.bin)
2023-03-19T13:41:38.458+0200 [DEBUG] [org.gradle.cache.internal.DefaultFileLockManager] Releasing lock on journal cache (D:\programs\Horus\caches\journal-1).
2023-03-19T13:41:38.459+0200 [DEBUG] [org.gradle.cache.internal.LockOnDemandCrossProcessCacheAccess] Releasing file lock for file hash cache (D:\programs\Horus\caches\7.4\fileHashes)
2023-03-19T13:41:38.460+0200 [DEBUG] [org.gradle.cache.internal.btree.BTreePersistentIndexedCache] Closing cache fileHashes.bin (D:\programs\Horus\caches\7.4\fileHashes\fileHashes.bin)
2023-03-19T13:41:38.460+0200 [DEBUG] [org.gradle.cache.internal.btree.BTreePersistentIndexedCache] Closing cache resourceHashesCache.bin (D:\programs\Horus\caches\7.4\fileHashes\resourceHashesCache.bin)
2023-03-19T13:41:38.461+0200 [DEBUG] [org.gradle.cache.internal.DefaultFileLockManager] Releasing lock on file hash cache (D:\programs\Horus\caches\7.4\fileHashes).
2023-03-19T13:41:38.463+0200 [DEBUG] [org.gradle.cache.internal.DefaultCacheAccess] Cache Generated Gradle JARs cache (D:\programs\Horus\caches\7.4\generated-gradle-jars) was closed 0 times.
2023-03-19T13:41:38.463+0200 [DEBUG] [org.gradle.cache.internal.LockOnDemandCrossProcessCacheAccess] Releasing file lock for execution history cache (D:\programs\Horus\caches\7.4\executionHistory)
2023-03-19T13:41:38.464+0200 [DEBUG] [org.gradle.cache.internal.btree.BTreePersistentIndexedCache] Closing cache executionHistory.bin (D:\programs\Horus\caches\7.4\executionHistory\executionHistory.bin)
2023-03-19T13:41:38.465+0200 [DEBUG] [org.gradle.cache.internal.DefaultFileLockManager] Releasing lock on execution history cache (D:\programs\Horus\caches\7.4\executionHistory).
2023-03-19T13:41:38.466+0200 [DEBUG] [org.gradle.cache.internal.LockOnDemandCrossProcessCacheAccess] Releasing file lock for Java compile cache (D:\programs\Horus\caches\7.4\javaCompile)
2023-03-19T13:41:38.466+0200 [DEBUG] [org.gradle.cache.internal.btree.BTreePersistentIndexedCache] Closing cache jarAnalysis.bin (D:\programs\Horus\caches\7.4\javaCompile\jarAnalysis.bin)
2023-03-19T13:41:38.467+0200 [DEBUG] [org.gradle.cache.internal.btree.BTreePersistentIndexedCache] Closing cache classAnalysis.bin (D:\programs\Horus\caches\7.4\javaCompile\classAnalysis.bin)
2023-03-19T13:41:38.467+0200 [DEBUG] [org.gradle.cache.internal.DefaultFileLockManager] Releasing lock on Java compile cache (D:\programs\Horus\caches\7.4\javaCompile).
2023-03-19T13:41:38.569+0200 [DEBUG] [org.gradle.cache.internal.VersionSpecificCacheCleanupAction] Processed version-specific caches at D:\programs\Horus\caches for cleanup in 0.098 secs
Daemon vm is shutting down... The daemon has exited normally or was terminated in response to a user interrupt.
2023-03-19T13:41:38.579+0200 [DEBUG] [org.gradle.launcher.daemon.registry.PersistentDaemonRegistry] Removing daemon address: [c4707126-aefe-4b14-8807-609ca8afce3e port:52590, addresses:[localhost/127.0.0.1]]
2023-03-19T13:41:38.583+0200 [DEBUG] [org.gradle.cache.internal.DefaultFileLockManager] Waiting to acquire exclusive lock on daemon addresses registry.
2023-03-19T13:41:38.584+0200 [DEBUG] [org.gradle.cache.internal.DefaultFileLockManager] Lock acquired on daemon addresses registry.
2023-03-19T13:41:38.587+0200 [DEBUG] [org.gradle.cache.internal.DefaultFileLockManager] Releasing lock on daemon addresses registry.
