2023-03-18T18:03:12.235+0200 [DEBUG] [org.gradle.launcher.daemon.bootstrap.DaemonMain] Assuming the daemon was started with following jvm opts: [--add-opens, java.base/java.util=ALL-UNNAMED, --add-opens, java.base/java.lang=ALL-UNNAMED, --add-opens, java.base/java.lang.invoke=ALL-UNNAMED, --add-opens, java.base/java.util=ALL-UNNAMED, --add-opens, java.prefs/java.util.prefs=ALL-UNNAMED, --add-opens, java.prefs/java.util.prefs=ALL-UNNAMED, --add-opens, java.base/java.nio.charset=ALL-UNNAMED, --add-opens, java.base/java.net=ALL-UNNAMED, --add-opens, java.base/java.util.concurrent.atomic=ALL-UNNAMED, -Xmx2048m, -Dfile.encoding=UTF-8, -Duser.country=US, -Duser.language=en, -Duser.variant]
2023-03-18T18:03:12.891+0200 [DEBUG] [org.gradle.internal.nativeintegration.services.NativeServices] Native-platform posix files integration is not available. Continuing with fallback.
2023-03-18T18:03:12.905+0200 [INFO] [org.gradle.launcher.daemon.server.Daemon] start() called on daemon - DefaultDaemonContext[uid=4d08c1b5-faee-4dd6-8bcb-d5fc0e364e49,javaHome=C:\Users\elnag\.jdks\jdk-16.0.2,daemonRegistryDir=D:\programs\Horus\daemon,pid=17684,idleTimeout=10800000,priority=NORMAL,daemonOpts=--add-opens,java.base/java.util=ALL-UNNAMED,--add-opens,java.base/java.lang=ALL-UNNAMED,--add-opens,java.base/java.lang.invoke=ALL-UNNAMED,--add-opens,java.base/java.util=ALL-UNNAMED,--add-opens,java.prefs/java.util.prefs=ALL-UNNAMED,--add-opens,java.prefs/java.util.prefs=ALL-UNNAMED,--add-opens,java.base/java.nio.charset=ALL-UNNAMED,--add-opens,java.base/java.net=ALL-UNNAMED,--add-opens,java.base/java.util.concurrent.atomic=ALL-UNNAMED,-Xmx2048m,-Dfile.encoding=UTF-8,-Duser.country=US,-Duser.language=en,-Duser.variant]
2023-03-18T18:03:13.079+0200 [DEBUG] [org.gradle.internal.remote.internal.inet.InetAddresses] Adding IP addresses for network interface Software Loopback Interface 1
2023-03-18T18:03:13.083+0200 [DEBUG] [org.gradle.internal.remote.internal.inet.InetAddresses] Is this a loopback interface? true
2023-03-18T18:03:13.083+0200 [DEBUG] [org.gradle.internal.remote.internal.inet.InetAddresses] Adding loopback address /127.0.0.1
2023-03-18T18:03:13.083+0200 [DEBUG] [org.gradle.internal.remote.internal.inet.InetAddresses] Adding loopback address /0:0:0:0:0:0:0:1
2023-03-18T18:03:13.084+0200 [DEBUG] [org.gradle.internal.remote.internal.inet.InetAddresses] Adding IP addresses for network interface Intel(R) Wireless-AC 9462
2023-03-18T18:03:13.088+0200 [DEBUG] [org.gradle.internal.remote.internal.inet.InetAddresses] Is this a loopback interface? false
2023-03-18T18:03:13.088+0200 [DEBUG] [org.gradle.internal.remote.internal.inet.InetAddresses] Adding remote address /192.168.1.3
2023-03-18T18:03:13.088+0200 [DEBUG] [org.gradle.internal.remote.internal.inet.InetAddresses] Adding remote address /fe80:0:0:0:2446:3f95:ec19:6985%wlan0
2023-03-18T18:03:13.089+0200 [DEBUG] [org.gradle.internal.remote.internal.inet.InetAddresses] Adding IP addresses for network interface Microsoft 6to4 Adapter
2023-03-18T18:03:13.093+0200 [DEBUG] [org.gradle.internal.remote.internal.inet.InetAddresses] Is this a loopback interface? false
2023-03-18T18:03:13.093+0200 [DEBUG] [org.gradle.internal.remote.internal.inet.InetAddresses] Adding IP addresses for network interface Microsoft Wi-Fi Direct Virtual Adapter #2
2023-03-18T18:03:13.097+0200 [DEBUG] [org.gradle.internal.remote.internal.inet.InetAddresses] Is this a loopback interface? false
2023-03-18T18:03:13.097+0200 [DEBUG] [org.gradle.internal.remote.internal.inet.InetAddresses] Adding remote address /fe80:0:0:0:44b2:8755:92ec:22f%wlan1
2023-03-18T18:03:13.098+0200 [DEBUG] [org.gradle.internal.remote.internal.inet.InetAddresses] Adding IP addresses for network interface Microsoft IP-HTTPS Platform Adapter
2023-03-18T18:03:13.102+0200 [DEBUG] [org.gradle.internal.remote.internal.inet.InetAddresses] Is this a loopback interface? false
2023-03-18T18:03:13.102+0200 [DEBUG] [org.gradle.internal.remote.internal.inet.InetAddresses] Adding IP addresses for network interface WAN Miniport (IPv6)
2023-03-18T18:03:13.106+0200 [DEBUG] [org.gradle.internal.remote.internal.inet.InetAddresses] Is this a loopback interface? false
2023-03-18T18:03:13.106+0200 [DEBUG] [org.gradle.internal.remote.internal.inet.InetAddresses] Adding IP addresses for network interface Realtek PCIe GbE Family Controller
2023-03-18T18:03:13.110+0200 [DEBUG] [org.gradle.internal.remote.internal.inet.InetAddresses] Is this a loopback interface? false
2023-03-18T18:03:13.110+0200 [DEBUG] [org.gradle.internal.remote.internal.inet.InetAddresses] Adding remote address /fe80:0:0:0:2bfd:d28c:d77d:389e%eth1
2023-03-18T18:03:13.111+0200 [DEBUG] [org.gradle.internal.remote.internal.inet.InetAddresses] Adding IP addresses for network interface Microsoft Wi-Fi Direct Virtual Adapter
2023-03-18T18:03:13.115+0200 [DEBUG] [org.gradle.internal.remote.internal.inet.InetAddresses] Is this a loopback interface? false
2023-03-18T18:03:13.115+0200 [DEBUG] [org.gradle.internal.remote.internal.inet.InetAddresses] Adding remote address /fe80:0:0:0:c198:bb5b:3037:e41d%wlan2
2023-03-18T18:03:13.115+0200 [DEBUG] [org.gradle.internal.remote.internal.inet.InetAddresses] Adding IP addresses for network interface Microsoft Teredo Tunneling Adapter
2023-03-18T18:03:13.119+0200 [DEBUG] [org.gradle.internal.remote.internal.inet.InetAddresses] Is this a loopback interface? false
2023-03-18T18:03:13.119+0200 [DEBUG] [org.gradle.internal.remote.internal.inet.InetAddresses] Adding IP addresses for network interface WAN Miniport (IP)
2023-03-18T18:03:13.124+0200 [DEBUG] [org.gradle.internal.remote.internal.inet.InetAddresses] Is this a loopback interface? false
2023-03-18T18:03:13.124+0200 [DEBUG] [org.gradle.internal.remote.internal.inet.InetAddresses] Adding IP addresses for network interface WAN Miniport (PPTP)
2023-03-18T18:03:13.129+0200 [DEBUG] [org.gradle.internal.remote.internal.inet.InetAddresses] Is this a loopback interface? false
2023-03-18T18:03:13.129+0200 [DEBUG] [org.gradle.internal.remote.internal.inet.InetAddresses] Adding IP addresses for network interface WAN Miniport (IKEv2)
2023-03-18T18:03:13.133+0200 [DEBUG] [org.gradle.internal.remote.internal.inet.InetAddresses] Is this a loopback interface? false
2023-03-18T18:03:13.133+0200 [DEBUG] [org.gradle.internal.remote.internal.inet.InetAddresses] Adding IP addresses for network interface Microsoft Kernel Debug Network Adapter
2023-03-18T18:03:13.137+0200 [DEBUG] [org.gradle.internal.remote.internal.inet.InetAddresses] Is this a loopback interface? false
2023-03-18T18:03:13.138+0200 [DEBUG] [org.gradle.internal.remote.internal.inet.InetAddresses] Adding IP addresses for network interface WAN Miniport (L2TP)
2023-03-18T18:03:13.142+0200 [DEBUG] [org.gradle.internal.remote.internal.inet.InetAddresses] Is this a loopback interface? false
2023-03-18T18:03:13.142+0200 [DEBUG] [org.gradle.internal.remote.internal.inet.InetAddresses] Adding IP addresses for network interface WAN Miniport (SSTP)
2023-03-18T18:03:13.146+0200 [DEBUG] [org.gradle.internal.remote.internal.inet.InetAddresses] Is this a loopback interface? false
2023-03-18T18:03:13.146+0200 [DEBUG] [org.gradle.internal.remote.internal.inet.InetAddresses] Adding IP addresses for network interface WAN Miniport (PPPOE)
2023-03-18T18:03:13.150+0200 [DEBUG] [org.gradle.internal.remote.internal.inet.InetAddresses] Is this a loopback interface? false
2023-03-18T18:03:13.151+0200 [DEBUG] [org.gradle.internal.remote.internal.inet.InetAddresses] Adding IP addresses for network interface WAN Miniport (Network Monitor)
2023-03-18T18:03:13.155+0200 [DEBUG] [org.gradle.internal.remote.internal.inet.InetAddresses] Is this a loopback interface? false
2023-03-18T18:03:13.156+0200 [DEBUG] [org.gradle.internal.remote.internal.inet.InetAddresses] Adding IP addresses for network interface Realtek PCIe GbE Family Controller-WFP Native MAC Layer LightWeight Filter-0000
2023-03-18T18:03:13.160+0200 [DEBUG] [org.gradle.internal.remote.internal.inet.InetAddresses] Is this a loopback interface? false
2023-03-18T18:03:13.160+0200 [DEBUG] [org.gradle.internal.remote.internal.inet.InetAddresses] Adding IP addresses for network interface Realtek PCIe GbE Family Controller-QoS Packet Scheduler-0000
2023-03-18T18:03:13.164+0200 [DEBUG] [org.gradle.internal.remote.internal.inet.InetAddresses] Is this a loopback interface? false
2023-03-18T18:03:13.164+0200 [DEBUG] [org.gradle.internal.remote.internal.inet.InetAddresses] Adding IP addresses for network interface Realtek PCIe GbE Family Controller-WFP 802.3 MAC Layer LightWeight Filter-0000
2023-03-18T18:03:13.168+0200 [DEBUG] [org.gradle.internal.remote.internal.inet.InetAddresses] Is this a loopback interface? false
2023-03-18T18:03:13.168+0200 [DEBUG] [org.gradle.internal.remote.internal.inet.InetAddresses] Adding IP addresses for network interface Intel(R) Wireless-AC 9462-WFP Native MAC Layer LightWeight Filter-0000
2023-03-18T18:03:13.172+0200 [DEBUG] [org.gradle.internal.remote.internal.inet.InetAddresses] Is this a loopback interface? false
2023-03-18T18:03:13.173+0200 [DEBUG] [org.gradle.internal.remote.internal.inet.InetAddresses] Adding IP addresses for network interface Intel(R) Wireless-AC 9462-Virtual WiFi Filter Driver-0000
2023-03-18T18:03:13.177+0200 [DEBUG] [org.gradle.internal.remote.internal.inet.InetAddresses] Is this a loopback interface? false
2023-03-18T18:03:13.177+0200 [DEBUG] [org.gradle.internal.remote.internal.inet.InetAddresses] Adding IP addresses for network interface Intel(R) Wireless-AC 9462-Native WiFi Filter Driver-0000
2023-03-18T18:03:13.181+0200 [DEBUG] [org.gradle.internal.remote.internal.inet.InetAddresses] Is this a loopback interface? false
2023-03-18T18:03:13.182+0200 [DEBUG] [org.gradle.internal.remote.internal.inet.InetAddresses] Adding IP addresses for network interface Intel(R) Wireless-AC 9462-QoS Packet Scheduler-0000
2023-03-18T18:03:13.186+0200 [DEBUG] [org.gradle.internal.remote.internal.inet.InetAddresses] Is this a loopback interface? false
2023-03-18T18:03:13.186+0200 [DEBUG] [org.gradle.internal.remote.internal.inet.InetAddresses] Adding IP addresses for network interface Intel(R) Wireless-AC 9462-WFP 802.3 MAC Layer LightWeight Filter-0000
2023-03-18T18:03:13.190+0200 [DEBUG] [org.gradle.internal.remote.internal.inet.InetAddresses] Is this a loopback interface? false
2023-03-18T18:03:13.190+0200 [DEBUG] [org.gradle.internal.remote.internal.inet.InetAddresses] Adding IP addresses for network interface Microsoft Wi-Fi Direct Virtual Adapter-WFP Native MAC Layer LightWeight Filter-0000
2023-03-18T18:03:13.194+0200 [DEBUG] [org.gradle.internal.remote.internal.inet.InetAddresses] Is this a loopback interface? false
2023-03-18T18:03:13.194+0200 [DEBUG] [org.gradle.internal.remote.internal.inet.InetAddresses] Adding IP addresses for network interface Microsoft Wi-Fi Direct Virtual Adapter-Native WiFi Filter Driver-0000
2023-03-18T18:03:13.198+0200 [DEBUG] [org.gradle.internal.remote.internal.inet.InetAddresses] Is this a loopback interface? false
2023-03-18T18:03:13.198+0200 [DEBUG] [org.gradle.internal.remote.internal.inet.InetAddresses] Adding IP addresses for network interface Microsoft Wi-Fi Direct Virtual Adapter-QoS Packet Scheduler-0000
2023-03-18T18:03:13.203+0200 [DEBUG] [org.gradle.internal.remote.internal.inet.InetAddresses] Is this a loopback interface? false
2023-03-18T18:03:13.203+0200 [DEBUG] [org.gradle.internal.remote.internal.inet.InetAddresses] Adding IP addresses for network interface Microsoft Wi-Fi Direct Virtual Adapter-WFP 802.3 MAC Layer LightWeight Filter-0000
2023-03-18T18:03:13.207+0200 [DEBUG] [org.gradle.internal.remote.internal.inet.InetAddresses] Is this a loopback interface? false
2023-03-18T18:03:13.207+0200 [DEBUG] [org.gradle.internal.remote.internal.inet.InetAddresses] Adding IP addresses for network interface WAN Miniport (IP)-WFP Native MAC Layer LightWeight Filter-0000
2023-03-18T18:03:13.211+0200 [DEBUG] [org.gradle.internal.remote.internal.inet.InetAddresses] Is this a loopback interface? false
2023-03-18T18:03:13.212+0200 [DEBUG] [org.gradle.internal.remote.internal.inet.InetAddresses] Adding IP addresses for network interface WAN Miniport (IP)-QoS Packet Scheduler-0000
2023-03-18T18:03:13.217+0200 [DEBUG] [org.gradle.internal.remote.internal.inet.InetAddresses] Is this a loopback interface? false
2023-03-18T18:03:13.217+0200 [DEBUG] [org.gradle.internal.remote.internal.inet.InetAddresses] Adding IP addresses for network interface WAN Miniport (IPv6)-WFP Native MAC Layer LightWeight Filter-0000
2023-03-18T18:03:13.222+0200 [DEBUG] [org.gradle.internal.remote.internal.inet.InetAddresses] Is this a loopback interface? false
2023-03-18T18:03:13.222+0200 [DEBUG] [org.gradle.internal.remote.internal.inet.InetAddresses] Adding IP addresses for network interface WAN Miniport (IPv6)-QoS Packet Scheduler-0000
2023-03-18T18:03:13.226+0200 [DEBUG] [org.gradle.internal.remote.internal.inet.InetAddresses] Is this a loopback interface? false
2023-03-18T18:03:13.226+0200 [DEBUG] [org.gradle.internal.remote.internal.inet.InetAddresses] Adding IP addresses for network interface WAN Miniport (Network Monitor)-WFP Native MAC Layer LightWeight Filter-0000
2023-03-18T18:03:13.230+0200 [DEBUG] [org.gradle.internal.remote.internal.inet.InetAddresses] Is this a loopback interface? false
2023-03-18T18:03:13.231+0200 [DEBUG] [org.gradle.internal.remote.internal.inet.InetAddresses] Adding IP addresses for network interface WAN Miniport (Network Monitor)-QoS Packet Scheduler-0000
2023-03-18T18:03:13.235+0200 [DEBUG] [org.gradle.internal.remote.internal.inet.InetAddresses] Is this a loopback interface? false
2023-03-18T18:03:13.235+0200 [DEBUG] [org.gradle.internal.remote.internal.inet.InetAddresses] Adding IP addresses for network interface Microsoft Wi-Fi Direct Virtual Adapter #2-WFP Native MAC Layer LightWeight Filter-0000
2023-03-18T18:03:13.239+0200 [DEBUG] [org.gradle.internal.remote.internal.inet.InetAddresses] Is this a loopback interface? false
2023-03-18T18:03:13.239+0200 [DEBUG] [org.gradle.internal.remote.internal.inet.InetAddresses] Adding IP addresses for network interface Microsoft Wi-Fi Direct Virtual Adapter #2-Native WiFi Filter Driver-0000
2023-03-18T18:03:13.243+0200 [DEBUG] [org.gradle.internal.remote.internal.inet.InetAddresses] Is this a loopback interface? false
2023-03-18T18:03:13.243+0200 [DEBUG] [org.gradle.internal.remote.internal.inet.InetAddresses] Adding IP addresses for network interface Microsoft Wi-Fi Direct Virtual Adapter #2-QoS Packet Scheduler-0000
2023-03-18T18:03:13.247+0200 [DEBUG] [org.gradle.internal.remote.internal.inet.InetAddresses] Is this a loopback interface? false
2023-03-18T18:03:13.248+0200 [DEBUG] [org.gradle.internal.remote.internal.inet.InetAddresses] Adding IP addresses for network interface Microsoft Wi-Fi Direct Virtual Adapter #2-WFP 802.3 MAC Layer LightWeight Filter-0000
2023-03-18T18:03:13.252+0200 [DEBUG] [org.gradle.internal.remote.internal.inet.InetAddresses] Is this a loopback interface? false
2023-03-18T18:03:13.262+0200 [DEBUG] [org.gradle.internal.remote.internal.inet.TcpIncomingConnector] Listening on [dcbdfad7-212c-4427-8f94-e0b5430349f7 port:56028, addresses:[localhost/127.0.0.1]].
2023-03-18T18:03:13.271+0200 [DEBUG] [org.gradle.launcher.daemon.server.Daemon] Daemon starting at: Sat Mar 18 18:03:13 EET 2023, with address: [dcbdfad7-212c-4427-8f94-e0b5430349f7 port:56028, addresses:[localhost/127.0.0.1]]
2023-03-18T18:03:13.271+0200 [INFO] [org.gradle.launcher.daemon.server.DaemonRegistryUpdater] Advertising the daemon address to the clients: [dcbdfad7-212c-4427-8f94-e0b5430349f7 port:56028, addresses:[localhost/127.0.0.1]]
2023-03-18T18:03:13.271+0200 [DEBUG] [org.gradle.launcher.daemon.server.DaemonRegistryUpdater] Advertised daemon context: DefaultDaemonContext[uid=4d08c1b5-faee-4dd6-8bcb-d5fc0e364e49,javaHome=C:\Users\elnag\.jdks\jdk-16.0.2,daemonRegistryDir=D:\programs\Horus\daemon,pid=17684,idleTimeout=10800000,priority=NORMAL,daemonOpts=--add-opens,java.base/java.util=ALL-UNNAMED,--add-opens,java.base/java.lang=ALL-UNNAMED,--add-opens,java.base/java.lang.invoke=ALL-UNNAMED,--add-opens,java.base/java.util=ALL-UNNAMED,--add-opens,java.prefs/java.util.prefs=ALL-UNNAMED,--add-opens,java.prefs/java.util.prefs=ALL-UNNAMED,--add-opens,java.base/java.nio.charset=ALL-UNNAMED,--add-opens,java.base/java.net=ALL-UNNAMED,--add-opens,java.base/java.util.concurrent.atomic=ALL-UNNAMED,-Xmx2048m,-Dfile.encoding=UTF-8,-Duser.country=US,-Duser.language=en,-Duser.variant]
2023-03-18T18:03:13.272+0200 [DEBUG] [org.gradle.launcher.daemon.registry.PersistentDaemonRegistry] Storing daemon address: [dcbdfad7-212c-4427-8f94-e0b5430349f7 port:56028, addresses:[localhost/127.0.0.1]], context: DefaultDaemonContext[uid=4d08c1b5-faee-4dd6-8bcb-d5fc0e364e49,javaHome=C:\Users\elnag\.jdks\jdk-16.0.2,daemonRegistryDir=D:\programs\Horus\daemon,pid=17684,idleTimeout=10800000,priority=NORMAL,daemonOpts=--add-opens,java.base/java.util=ALL-UNNAMED,--add-opens,java.base/java.lang=ALL-UNNAMED,--add-opens,java.base/java.lang.invoke=ALL-UNNAMED,--add-opens,java.base/java.util=ALL-UNNAMED,--add-opens,java.prefs/java.util.prefs=ALL-UNNAMED,--add-opens,java.prefs/java.util.prefs=ALL-UNNAMED,--add-opens,java.base/java.nio.charset=ALL-UNNAMED,--add-opens,java.base/java.net=ALL-UNNAMED,--add-opens,java.base/java.util.concurrent.atomic=ALL-UNNAMED,-Xmx2048m,-Dfile.encoding=UTF-8,-Duser.country=US,-Duser.language=en,-Duser.variant]
2023-03-18T18:03:13.330+0200 [DEBUG] [org.gradle.cache.internal.DefaultFileLockManager] Waiting to acquire exclusive lock on daemon addresses registry.
2023-03-18T18:03:13.333+0200 [DEBUG] [org.gradle.cache.internal.DefaultFileLockManager] Lock acquired on daemon addresses registry.
2023-03-18T18:03:13.338+0200 [DEBUG] [org.gradle.cache.internal.DefaultFileLockManager] Releasing lock on daemon addresses registry.
2023-03-18T18:03:13.338+0200 [LIFECYCLE] [org.gradle.launcher.daemon.server.Daemon] Daemon server started.
2023-03-18T18:03:13.340+0200 [DEBUG] [org.gradle.launcher.daemon.bootstrap.DaemonStartupCommunication] Completed writing the daemon greeting. Closing streams...
2023-03-18T18:03:13.347+0200 [DEBUG] [org.gradle.internal.remote.internal.inet.TcpIncomingConnector] Accepted connection from /127.0.0.1:56029 to /127.0.0.1:56028.
2023-03-18T18:03:13.347+0200 [DEBUG] [org.gradle.launcher.daemon.server.Daemon] stopOnExpiration() called on daemon
2023-03-18T18:03:13.349+0200 [DEBUG] [org.gradle.launcher.daemon.server.Daemon] awaitExpiration() called on daemon
2023-03-18T18:03:13.349+0200 [DEBUG] [org.gradle.launcher.daemon.server.DaemonStateCoordinator] daemon is running. Sleeping until state changes.
2023-03-18T18:03:15.275+0200 [DEBUG] [org.gradle.launcher.daemon.server.SynchronizedDispatchConnection] thread 22: received class org.gradle.launcher.daemon.protocol.Build
2023-03-18T18:03:15.275+0200 [DEBUG] [org.gradle.launcher.daemon.server.DefaultDaemonConnection] thread 22: Received non-IO message from client: Build{id=f14fee75-aba2-497e-b3d8-78431330dc3e, currentDir=D:\programs\Horus}
2023-03-18T18:03:15.275+0200 [INFO] [org.gradle.launcher.daemon.server.DefaultIncomingConnectionHandler] Received command: Build{id=f14fee75-aba2-497e-b3d8-78431330dc3e, currentDir=D:\programs\Horus}.
2023-03-18T18:03:15.275+0200 [DEBUG] [org.gradle.launcher.daemon.server.DefaultIncomingConnectionHandler] Starting executing command: Build{id=f14fee75-aba2-497e-b3d8-78431330dc3e, currentDir=D:\programs\Horus} with connection: socket connection from /127.0.0.1:56028 to /127.0.0.1:56029.
2023-03-18T18:03:15.278+0200 [DEBUG] [org.gradle.launcher.daemon.server.DaemonStateCoordinator] Command execution: started DaemonCommandExecution[command = Build{id=f14fee75-aba2-497e-b3d8-78431330dc3e, currentDir=D:\programs\Horus}, connection = DefaultDaemonConnection: socket connection from /127.0.0.1:56028 to /127.0.0.1:56029] after 0.0 minutes of idle
2023-03-18T18:03:15.278+0200 [INFO] [org.gradle.launcher.daemon.server.DaemonRegistryUpdater] Marking the daemon as busy, address: [dcbdfad7-212c-4427-8f94-e0b5430349f7 port:56028, addresses:[localhost/127.0.0.1]]
2023-03-18T18:03:15.278+0200 [DEBUG] [org.gradle.launcher.daemon.registry.PersistentDaemonRegistry] Marking busy by address: [dcbdfad7-212c-4427-8f94-e0b5430349f7 port:56028, addresses:[localhost/127.0.0.1]]
2023-03-18T18:03:15.280+0200 [DEBUG] [org.gradle.cache.internal.DefaultFileLockManager] Waiting to acquire exclusive lock on daemon addresses registry.
2023-03-18T18:03:15.280+0200 [DEBUG] [org.gradle.cache.internal.DefaultFileLockManager] Lock acquired on daemon addresses registry.
2023-03-18T18:03:15.281+0200 [DEBUG] [org.gradle.cache.internal.DefaultFileLockManager] Releasing lock on daemon addresses registry.
2023-03-18T18:03:15.282+0200 [DEBUG] [org.gradle.launcher.daemon.server.DaemonStateCoordinator] resetting idle timer
2023-03-18T18:03:15.282+0200 [DEBUG] [org.gradle.launcher.daemon.server.DaemonStateCoordinator] daemon is running. Sleeping until state changes.
2023-03-18T18:03:15.283+0200 [INFO] [org.gradle.launcher.daemon.server.exec.StartBuildOrRespondWithBusy] Daemon is about to start building Build{id=f14fee75-aba2-497e-b3d8-78431330dc3e, currentDir=D:\programs\Horus}. Dispatching build started information...
2023-03-18T18:03:15.283+0200 [DEBUG] [org.gradle.launcher.daemon.server.SynchronizedDispatchConnection] thread 24: dispatching org.gradle.launcher.daemon.protocol.BuildStarted@462bcbfe
2023-03-18T18:03:15.284+0200 [DEBUG] [org.gradle.launcher.daemon.server.SynchronizedDispatchConnection] thread 22: received class org.gradle.launcher.daemon.protocol.CloseInput
2023-03-18T18:03:15.284+0200 [DEBUG] [org.gradle.launcher.daemon.server.DefaultDaemonConnection] thread 22: Received IO message from client: org.gradle.launcher.daemon.protocol.CloseInput@25d9afce
2023-03-18T18:03:15.289+0200 [DEBUG] [org.gradle.launcher.daemon.server.exec.EstablishBuildEnvironment] Configuring env variables: [USERDOMAIN_ROAMINGPROFILE, LOCALAPPDATA, PROCESSOR_LEVEL, USERDOMAIN, LOGONSERVER, FPS_BROWSER_APP_PROFILE_STRING, JAVA_HOME, SESSIONNAME, ALLUSERSPROFILE, PROCESSOR_ARCHITECTURE, PSModulePath, SystemDrive, OneDrive, APPDATA, USERNAME, ProgramFiles(x86), CommonProgramFiles, Path, FPS_BROWSER_USER_PROFILE_STRING, PATHEXT, DriverData, OS, OneDriveConsumer, COMPUTERNAME, PROCESSOR_REVISION, CommonProgramW6432, ComSpec, ProgramData, GIT_LFS_PATH, ProgramW6432, TEMP, HOMEPATH, =D:, SystemRoot, PROCESSOR_IDENTIFIER, HOMEDRIVE, USERPROFILE, TMP, CommonProgramFiles(x86), ProgramFiles, PUBLIC, windir, NUMBER_OF_PROCESSORS, =::, IDEA_INITIAL_DIRECTORY, ZES_ENABLE_SYSMAN]
2023-03-18T18:03:15.296+0200 [DEBUG] [org.gradle.launcher.daemon.server.exec.LogToClient] About to start relaying all logs to the client via the connection.
2023-03-18T18:03:15.296+0200 [INFO] [org.gradle.launcher.daemon.server.exec.LogToClient] The client will now receive all logging from the daemon (pid: 17684). The daemon log file: D:\programs\Horus\daemon\7.4\daemon-17684.out.log
2023-03-18T18:03:15.298+0200 [INFO] [org.gradle.launcher.daemon.server.exec.LogAndCheckHealth] Starting build in new daemon [memory: 2 GiB]
2023-03-18T18:03:15.299+0200 [INFO] [org.gradle.launcher.daemon.server.exec.ForwardClientInput] Closing daemon's stdin at end of input.
2023-03-18T18:03:15.299+0200 [INFO] [org.gradle.launcher.daemon.server.exec.ForwardClientInput] The daemon will no longer process any standard input.
2023-03-18T18:03:15.672+0200 [DEBUG] [org.gradle.launcher.daemon.server.exec.ExecuteBuild] The daemon has started executing the build.
2023-03-18T18:03:15.672+0200 [DEBUG] [org.gradle.launcher.daemon.server.exec.ExecuteBuild] Executing build with daemon context: DefaultDaemonContext[uid=4d08c1b5-faee-4dd6-8bcb-d5fc0e364e49,javaHome=C:\Users\elnag\.jdks\jdk-16.0.2,daemonRegistryDir=D:\programs\Horus\daemon,pid=17684,idleTimeout=10800000,priority=NORMAL,daemonOpts=--add-opens,java.base/java.util=ALL-UNNAMED,--add-opens,java.base/java.lang=ALL-UNNAMED,--add-opens,java.base/java.lang.invoke=ALL-UNNAMED,--add-opens,java.base/java.util=ALL-UNNAMED,--add-opens,java.prefs/java.util.prefs=ALL-UNNAMED,--add-opens,java.prefs/java.util.prefs=ALL-UNNAMED,--add-opens,java.base/java.nio.charset=ALL-UNNAMED,--add-opens,java.base/java.net=ALL-UNNAMED,--add-opens,java.base/java.util.concurrent.atomic=ALL-UNNAMED,-Xmx2048m,-Dfile.encoding=UTF-8,-Duser.country=US,-Duser.language=en,-Duser.variant]
D:\programs\Horus\app\src\main\AndroidManifest.xml:10:5-67 Warning:
	Element uses-permission#android.permission.INTERNET at AndroidManifest.xml:10:5-67 duplicated with element declared at AndroidManifest.xml:5:5-67
warn: removing resource com.example.horus:string/com_facebook_loginview_logged_in_using_facebook_f1gender without required default value.

w: D:\programs\Horus\app\src\main\java\com\example\horus\presentation\activity\EgyptainMuseumActivity.kt: (48, 17): Name shadowed: intent
w: D:\programs\Horus\app\src\main\java\com\example\horus\presentation\adapter\AntiquesMuseumsAdapter.kt: (50, 38): 'getter for adapterPosition: Int' is deprecated. Deprecated in Java
w: D:\programs\Horus\app\src\main\java\com\example\horus\presentation\adapter\BankAdapter.kt: (51, 38): 'getter for adapterPosition: Int' is deprecated. Deprecated in Java
w: D:\programs\Horus\app\src\main\java\com\example\horus\presentation\adapter\HospitalAdapter.kt: (53, 38): 'getter for adapterPosition: Int' is deprecated. Deprecated in Java
w: D:\programs\Horus\app\src\main\java\com\example\horus\presentation\adapter\HotelAdapter.kt: (54, 38): 'getter for adapterPosition: Int' is deprecated. Deprecated in Java
w: D:\programs\Horus\app\src\main\java\com\example\horus\presentation\adapter\MuseumAdapter.kt: (50, 38): 'getter for adapterPosition: Int' is deprecated. Deprecated in Java
w: D:\programs\Horus\app\src\main\java\com\example\horus\presentation\adapter\ResturantAdapter.kt: (50, 38): 'getter for adapterPosition: Int' is deprecated. Deprecated in Java
w: D:\programs\Horus\app\src\main\java\com\example\horus\presentation\adapter\ServicesExploreAdapter.kt: (50, 38): 'getter for adapterPosition: Int' is deprecated. Deprecated in Java
w: D:\programs\Horus\app\src\main\java\com\example\horus\presentation\adapter\TopPlacesExploreAdapter.kt: (48, 38): 'getter for adapterPosition: Int' is deprecated. Deprecated in Java

BUILD SUCCESSFUL in 5m 31s
37 actionable tasks: 9 executed, 28 up-to-date
2023-03-18T18:07:28.835+0200 [DEBUG] [org.gradle.launcher.daemon.server.exec.ExecuteBuild] The daemon has finished executing the build.
2023-03-18T18:07:28.851+0200 [DEBUG] [org.gradle.launcher.daemon.server.DaemonStateCoordinator] daemon is running. Sleeping until state changes.
2023-03-18T18:07:28.851+0200 [DEBUG] [org.gradle.launcher.daemon.server.DaemonStateCoordinator] Command execution: finished waiting for DaemonCommandExecution[command = Build{id=f14fee75-aba2-497e-b3d8-78431330dc3e, currentDir=D:\programs\Horus}, connection = DefaultDaemonConnection: socket connection from /127.0.0.1:56028 to /127.0.0.1:56029]. Result org.gradle.launcher.daemon.server.DaemonStateCoordinator@550691d0 with state Busy
2023-03-18T18:07:28.852+0200 [DEBUG] [org.gradle.launcher.daemon.server.DaemonStateCoordinator] Command execution: completed DaemonCommandExecution[command = Build{id=f14fee75-aba2-497e-b3d8-78431330dc3e, currentDir=D:\programs\Horus}, connection = DefaultDaemonConnection: socket connection from /127.0.0.1:56028 to /127.0.0.1:56029]
2023-03-18T18:07:28.852+0200 [DEBUG] [org.gradle.launcher.daemon.server.DaemonStateCoordinator] resetting idle timer
2023-03-18T18:07:28.852+0200 [INFO] [org.gradle.launcher.daemon.server.DaemonRegistryUpdater] Marking the daemon as idle, address: [dcbdfad7-212c-4427-8f94-e0b5430349f7 port:56028, addresses:[localhost/127.0.0.1]]
2023-03-18T18:07:28.852+0200 [DEBUG] [org.gradle.launcher.daemon.registry.PersistentDaemonRegistry] Marking busy by address: [dcbdfad7-212c-4427-8f94-e0b5430349f7 port:56028, addresses:[localhost/127.0.0.1]]
2023-03-18T18:07:28.854+0200 [DEBUG] [org.gradle.cache.internal.DefaultFileLockManager] Waiting to acquire exclusive lock on daemon addresses registry.
2023-03-18T18:07:28.854+0200 [DEBUG] [org.gradle.cache.internal.DefaultFileLockManager] Lock acquired on daemon addresses registry.
2023-03-18T18:07:28.856+0200 [DEBUG] [org.gradle.cache.internal.DefaultFileLockManager] Releasing lock on daemon addresses registry.
2023-03-18T18:07:28.856+0200 [DEBUG] [org.gradle.launcher.daemon.server.DaemonStateCoordinator] daemon is running. Sleeping until state changes.
2023-03-18T18:07:28.856+0200 [DEBUG] [org.gradle.launcher.daemon.server.exec.ReturnResult] Daemon is dispatching the build result: Success[value=org.gradle.launcher.exec.BuildActionResult@41c569bf]
2023-03-18T18:07:28.856+0200 [DEBUG] [org.gradle.launcher.daemon.server.SynchronizedDispatchConnection] thread 21: dispatching Success[value=org.gradle.launcher.exec.BuildActionResult@41c569bf]
2023-03-18T18:07:28.857+0200 [DEBUG] [org.gradle.launcher.daemon.server.DefaultIncomingConnectionHandler] Finishing executing command: Build{id=f14fee75-aba2-497e-b3d8-78431330dc3e, currentDir=D:\programs\Horus}
2023-03-18T18:07:28.858+0200 [DEBUG] [org.gradle.launcher.daemon.server.SynchronizedDispatchConnection] thread 22: received class org.gradle.launcher.daemon.protocol.Finished
2023-03-18T18:07:28.858+0200 [DEBUG] [org.gradle.launcher.daemon.server.DefaultDaemonConnection] thread 22: Received non-IO message from client: org.gradle.launcher.daemon.protocol.Finished@6d0710b3
2023-03-18T18:07:28.858+0200 [DEBUG] [org.gradle.launcher.daemon.server.DefaultIncomingConnectionHandler] Received finished message: org.gradle.launcher.daemon.protocol.Finished@6d0710b3
2023-03-18T18:07:28.858+0200 [DEBUG] [org.gradle.launcher.daemon.server.SynchronizedDispatchConnection] thread 21: stopping connection
2023-03-18T18:07:28.860+0200 [DEBUG] [org.gradle.internal.remote.internal.inet.SocketConnection] Discarding EOFException: java.io.EOFException
2023-03-18T18:07:28.860+0200 [DEBUG] [org.gradle.launcher.daemon.server.SynchronizedDispatchConnection] thread 22: received null
2023-03-18T18:07:28.861+0200 [DEBUG] [org.gradle.launcher.daemon.server.DefaultDaemonConnection] thread 22: Received end-of-input from client.
2023-03-18T18:07:28.861+0200 [DEBUG] [org.gradle.launcher.daemon.server.SynchronizedDispatchConnection] thread 21: stopping connection
2023-03-18T18:07:33.357+0200 [DEBUG] [org.gradle.cache.internal.DefaultFileLockManager] Waiting to acquire shared lock on daemon addresses registry.
2023-03-18T18:07:33.358+0200 [DEBUG] [org.gradle.cache.internal.DefaultFileLockManager] Lock acquired on daemon addresses registry.
2023-03-18T18:07:33.358+0200 [DEBUG] [org.gradle.cache.internal.DefaultFileLockManager] Releasing lock on daemon addresses registry.
2023-03-18T18:07:33.360+0200 [DEBUG] [org.gradle.cache.internal.DefaultFileLockManager] Waiting to acquire shared lock on daemon addresses registry.
2023-03-18T18:07:33.360+0200 [DEBUG] [org.gradle.cache.internal.DefaultFileLockManager] Lock acquired on daemon addresses registry.
2023-03-18T18:07:33.360+0200 [DEBUG] [org.gradle.cache.internal.DefaultFileLockManager] Releasing lock on daemon addresses registry.
2023-03-18T18:07:43.352+0200 [DEBUG] [org.gradle.cache.internal.DefaultFileLockManager] Waiting to acquire shared lock on daemon addresses registry.
2023-03-18T18:07:43.352+0200 [DEBUG] [org.gradle.cache.internal.DefaultFileLockManager] Lock acquired on daemon addresses registry.
2023-03-18T18:07:43.352+0200 [DEBUG] [org.gradle.cache.internal.DefaultFileLockManager] Releasing lock on daemon addresses registry.
2023-03-18T18:07:43.354+0200 [DEBUG] [org.gradle.cache.internal.DefaultFileLockManager] Waiting to acquire shared lock on daemon addresses registry.
2023-03-18T18:07:43.354+0200 [DEBUG] [org.gradle.cache.internal.DefaultFileLockManager] Lock acquired on daemon addresses registry.
2023-03-18T18:07:43.354+0200 [DEBUG] [org.gradle.cache.internal.DefaultFileLockManager] Releasing lock on daemon addresses registry.
2023-03-18T18:07:43.355+0200 [DEBUG] [org.gradle.cache.internal.DefaultFileLockManager] Waiting to acquire shared lock on daemon addresses registry.
2023-03-18T18:07:43.355+0200 [DEBUG] [org.gradle.cache.internal.DefaultFileLockManager] Lock acquired on daemon addresses registry.
2023-03-18T18:07:43.356+0200 [DEBUG] [org.gradle.cache.internal.DefaultFileLockManager] Releasing lock on daemon addresses registry.
2023-03-18T18:07:53.358+0200 [DEBUG] [org.gradle.cache.internal.DefaultFileLockManager] Waiting to acquire shared lock on daemon addresses registry.
2023-03-18T18:07:53.358+0200 [DEBUG] [org.gradle.cache.internal.DefaultFileLockManager] Lock acquired on daemon addresses registry.
2023-03-18T18:07:53.358+0200 [DEBUG] [org.gradle.cache.internal.DefaultFileLockManager] Releasing lock on daemon addresses registry.
2023-03-18T18:07:53.360+0200 [DEBUG] [org.gradle.cache.internal.DefaultFileLockManager] Waiting to acquire shared lock on daemon addresses registry.
2023-03-18T18:07:53.360+0200 [DEBUG] [org.gradle.cache.internal.DefaultFileLockManager] Lock acquired on daemon addresses registry.
2023-03-18T18:07:53.360+0200 [DEBUG] [org.gradle.cache.internal.DefaultFileLockManager] Releasing lock on daemon addresses registry.
2023-03-18T18:07:53.361+0200 [DEBUG] [org.gradle.cache.internal.DefaultFileLockManager] Waiting to acquire shared lock on daemon addresses registry.
2023-03-18T18:07:53.361+0200 [DEBUG] [org.gradle.cache.internal.DefaultFileLockManager] Lock acquired on daemon addresses registry.
2023-03-18T18:07:53.361+0200 [DEBUG] [org.gradle.cache.internal.DefaultFileLockManager] Releasing lock on daemon addresses registry.
2023-03-18T18:08:03.353+0200 [DEBUG] [org.gradle.cache.internal.DefaultFileLockManager] Waiting to acquire shared lock on daemon addresses registry.
2023-03-18T18:08:03.353+0200 [DEBUG] [org.gradle.cache.internal.DefaultFileLockManager] Lock acquired on daemon addresses registry.
2023-03-18T18:08:03.354+0200 [DEBUG] [org.gradle.cache.internal.DefaultFileLockManager] Releasing lock on daemon addresses registry.
2023-03-18T18:08:03.355+0200 [DEBUG] [org.gradle.cache.internal.DefaultFileLockManager] Waiting to acquire shared lock on daemon addresses registry.
2023-03-18T18:08:03.355+0200 [DEBUG] [org.gradle.cache.internal.DefaultFileLockManager] Lock acquired on daemon addresses registry.
2023-03-18T18:08:03.356+0200 [DEBUG] [org.gradle.cache.internal.DefaultFileLockManager] Releasing lock on daemon addresses registry.
2023-03-18T18:08:03.357+0200 [DEBUG] [org.gradle.cache.internal.DefaultFileLockManager] Waiting to acquire shared lock on daemon addresses registry.
2023-03-18T18:08:03.357+0200 [DEBUG] [org.gradle.cache.internal.DefaultFileLockManager] Lock acquired on daemon addresses registry.
2023-03-18T18:08:03.357+0200 [DEBUG] [org.gradle.cache.internal.DefaultFileLockManager] Releasing lock on daemon addresses registry.
2023-03-18T18:08:13.353+0200 [DEBUG] [org.gradle.cache.internal.DefaultFileLockManager] Waiting to acquire shared lock on daemon addresses registry.
2023-03-18T18:08:13.353+0200 [DEBUG] [org.gradle.cache.internal.DefaultFileLockManager] Lock acquired on daemon addresses registry.
2023-03-18T18:08:13.353+0200 [DEBUG] [org.gradle.cache.internal.DefaultFileLockManager] Releasing lock on daemon addresses registry.
2023-03-18T18:08:13.355+0200 [DEBUG] [org.gradle.cache.internal.DefaultFileLockManager] Waiting to acquire shared lock on daemon addresses registry.
2023-03-18T18:08:13.355+0200 [DEBUG] [org.gradle.cache.internal.DefaultFileLockManager] Lock acquired on daemon addresses registry.
2023-03-18T18:08:13.355+0200 [DEBUG] [org.gradle.cache.internal.DefaultFileLockManager] Releasing lock on daemon addresses registry.
2023-03-18T18:08:13.356+0200 [DEBUG] [org.gradle.cache.internal.DefaultFileLockManager] Waiting to acquire shared lock on daemon addresses registry.
2023-03-18T18:08:13.357+0200 [DEBUG] [org.gradle.cache.internal.DefaultFileLockManager] Lock acquired on daemon addresses registry.
2023-03-18T18:08:13.357+0200 [DEBUG] [org.gradle.cache.internal.DefaultFileLockManager] Releasing lock on daemon addresses registry.
2023-03-18T18:08:23.359+0200 [DEBUG] [org.gradle.cache.internal.DefaultFileLockManager] Waiting to acquire shared lock on daemon addresses registry.
2023-03-18T18:08:23.359+0200 [DEBUG] [org.gradle.cache.internal.DefaultFileLockManager] Lock acquired on daemon addresses registry.
2023-03-18T18:08:23.360+0200 [DEBUG] [org.gradle.cache.internal.DefaultFileLockManager] Releasing lock on daemon addresses registry.
2023-03-18T18:08:23.361+0200 [DEBUG] [org.gradle.cache.internal.DefaultFileLockManager] Waiting to acquire shared lock on daemon addresses registry.
2023-03-18T18:08:23.361+0200 [DEBUG] [org.gradle.cache.internal.DefaultFileLockManager] Lock acquired on daemon addresses registry.
2023-03-18T18:08:23.361+0200 [DEBUG] [org.gradle.cache.internal.DefaultFileLockManager] Releasing lock on daemon addresses registry.
2023-03-18T18:08:23.363+0200 [DEBUG] [org.gradle.cache.internal.DefaultFileLockManager] Waiting to acquire shared lock on daemon addresses registry.
2023-03-18T18:08:23.363+0200 [DEBUG] [org.gradle.cache.internal.DefaultFileLockManager] Lock acquired on daemon addresses registry.
2023-03-18T18:08:23.363+0200 [DEBUG] [org.gradle.cache.internal.DefaultFileLockManager] Releasing lock on daemon addresses registry.
2023-03-18T18:08:33.354+0200 [DEBUG] [org.gradle.cache.internal.DefaultFileLockManager] Waiting to acquire shared lock on daemon addresses registry.
2023-03-18T18:08:33.354+0200 [DEBUG] [org.gradle.cache.internal.DefaultFileLockManager] Lock acquired on daemon addresses registry.
2023-03-18T18:08:33.354+0200 [DEBUG] [org.gradle.cache.internal.DefaultFileLockManager] Releasing lock on daemon addresses registry.
2023-03-18T18:08:33.356+0200 [DEBUG] [org.gradle.cache.internal.DefaultFileLockManager] Waiting to acquire shared lock on daemon addresses registry.
2023-03-18T18:08:33.356+0200 [DEBUG] [org.gradle.cache.internal.DefaultFileLockManager] Lock acquired on daemon addresses registry.
2023-03-18T18:08:33.356+0200 [DEBUG] [org.gradle.cache.internal.DefaultFileLockManager] Releasing lock on daemon addresses registry.
2023-03-18T18:08:33.358+0200 [DEBUG] [org.gradle.cache.internal.DefaultFileLockManager] Waiting to acquire shared lock on daemon addresses registry.
2023-03-18T18:08:33.358+0200 [DEBUG] [org.gradle.cache.internal.DefaultFileLockManager] Lock acquired on daemon addresses registry.
2023-03-18T18:08:33.358+0200 [DEBUG] [org.gradle.cache.internal.DefaultFileLockManager] Releasing lock on daemon addresses registry.
2023-03-18T18:08:43.364+0200 [DEBUG] [org.gradle.cache.internal.DefaultFileLockManager] Waiting to acquire shared lock on daemon addresses registry.
2023-03-18T18:08:43.364+0200 [DEBUG] [org.gradle.cache.internal.DefaultFileLockManager] Lock acquired on daemon addresses registry.
2023-03-18T18:08:43.364+0200 [DEBUG] [org.gradle.cache.internal.DefaultFileLockManager] Releasing lock on daemon addresses registry.
2023-03-18T18:08:43.366+0200 [DEBUG] [org.gradle.cache.internal.DefaultFileLockManager] Waiting to acquire shared lock on daemon addresses registry.
2023-03-18T18:08:43.366+0200 [DEBUG] [org.gradle.cache.internal.DefaultFileLockManager] Lock acquired on daemon addresses registry.
2023-03-18T18:08:43.366+0200 [DEBUG] [org.gradle.cache.internal.DefaultFileLockManager] Releasing lock on daemon addresses registry.
2023-03-18T18:08:43.368+0200 [DEBUG] [org.gradle.cache.internal.DefaultFileLockManager] Waiting to acquire shared lock on daemon addresses registry.
2023-03-18T18:08:43.368+0200 [DEBUG] [org.gradle.cache.internal.DefaultFileLockManager] Lock acquired on daemon addresses registry.
2023-03-18T18:08:43.368+0200 [DEBUG] [org.gradle.cache.internal.DefaultFileLockManager] Releasing lock on daemon addresses registry.
2023-03-18T18:08:53.361+0200 [DEBUG] [org.gradle.cache.internal.DefaultFileLockManager] Waiting to acquire shared lock on daemon addresses registry.
2023-03-18T18:08:53.361+0200 [DEBUG] [org.gradle.cache.internal.DefaultFileLockManager] Lock acquired on daemon addresses registry.
2023-03-18T18:08:53.362+0200 [DEBUG] [org.gradle.cache.internal.DefaultFileLockManager] Releasing lock on daemon addresses registry.
2023-03-18T18:08:53.363+0200 [DEBUG] [org.gradle.cache.internal.DefaultFileLockManager] Waiting to acquire shared lock on daemon addresses registry.
2023-03-18T18:08:53.363+0200 [DEBUG] [org.gradle.cache.internal.DefaultFileLockManager] Lock acquired on daemon addresses registry.
2023-03-18T18:08:53.363+0200 [DEBUG] [org.gradle.cache.internal.DefaultFileLockManager] Releasing lock on daemon addresses registry.
2023-03-18T18:08:53.365+0200 [DEBUG] [org.gradle.cache.internal.DefaultFileLockManager] Waiting to acquire shared lock on daemon addresses registry.
2023-03-18T18:08:53.365+0200 [DEBUG] [org.gradle.cache.internal.DefaultFileLockManager] Lock acquired on daemon addresses registry.
2023-03-18T18:08:53.365+0200 [DEBUG] [org.gradle.cache.internal.DefaultFileLockManager] Releasing lock on daemon addresses registry.
2023-03-18T18:09:03.350+0200 [DEBUG] [org.gradle.cache.internal.DefaultFileLockManager] Waiting to acquire shared lock on daemon addresses registry.
2023-03-18T18:09:03.351+0200 [DEBUG] [org.gradle.cache.internal.DefaultFileLockManager] Lock acquired on daemon addresses registry.
2023-03-18T18:09:03.351+0200 [DEBUG] [org.gradle.cache.internal.DefaultFileLockManager] Releasing lock on daemon addresses registry.
2023-03-18T18:09:03.353+0200 [DEBUG] [org.gradle.cache.internal.DefaultFileLockManager] Waiting to acquire shared lock on daemon addresses registry.
2023-03-18T18:09:03.353+0200 [DEBUG] [org.gradle.cache.internal.DefaultFileLockManager] Lock acquired on daemon addresses registry.
2023-03-18T18:09:03.354+0200 [DEBUG] [org.gradle.cache.internal.DefaultFileLockManager] Releasing lock on daemon addresses registry.
2023-03-18T18:09:03.355+0200 [DEBUG] [org.gradle.cache.internal.DefaultFileLockManager] Waiting to acquire shared lock on daemon addresses registry.
2023-03-18T18:09:03.355+0200 [DEBUG] [org.gradle.cache.internal.DefaultFileLockManager] Lock acquired on daemon addresses registry.
2023-03-18T18:09:03.355+0200 [DEBUG] [org.gradle.cache.internal.DefaultFileLockManager] Releasing lock on daemon addresses registry.
2023-03-18T18:09:13.365+0200 [DEBUG] [org.gradle.cache.internal.DefaultFileLockManager] Waiting to acquire shared lock on daemon addresses registry.
2023-03-18T18:09:13.365+0200 [DEBUG] [org.gradle.cache.internal.DefaultFileLockManager] Lock acquired on daemon addresses registry.
2023-03-18T18:09:13.365+0200 [DEBUG] [org.gradle.cache.internal.DefaultFileLockManager] Releasing lock on daemon addresses registry.
2023-03-18T18:09:13.367+0200 [DEBUG] [org.gradle.cache.internal.DefaultFileLockManager] Waiting to acquire shared lock on daemon addresses registry.
2023-03-18T18:09:13.367+0200 [DEBUG] [org.gradle.cache.internal.DefaultFileLockManager] Lock acquired on daemon addresses registry.
2023-03-18T18:09:13.367+0200 [DEBUG] [org.gradle.cache.internal.DefaultFileLockManager] Releasing lock on daemon addresses registry.
2023-03-18T18:09:13.368+0200 [DEBUG] [org.gradle.cache.internal.DefaultFileLockManager] Waiting to acquire shared lock on daemon addresses registry.
2023-03-18T18:09:13.368+0200 [DEBUG] [org.gradle.cache.internal.DefaultFileLockManager] Lock acquired on daemon addresses registry.
2023-03-18T18:09:13.369+0200 [DEBUG] [org.gradle.cache.internal.DefaultFileLockManager] Releasing lock on daemon addresses registry.
2023-03-18T18:09:18.281+0200 [DEBUG] [org.gradle.process.internal.health.memory.DefaultMemoryManager] 844204441 memory requested, 831447040 free
2023-03-18T18:09:18.281+0200 [DEBUG] [org.gradle.workers.internal.WorkerDaemonExpiration] Will attempt to release 805 of memory
2023-03-18T18:09:18.282+0200 [DEBUG] [org.gradle.process.internal.health.memory.DefaultMemoryManager] 844204441 memory requested, 0 released, 831447040 free
2023-03-18T18:09:23.279+0200 [DEBUG] [org.gradle.process.internal.health.memory.DefaultMemoryManager] 844204441 memory requested, 806871040 free
2023-03-18T18:09:23.279+0200 [DEBUG] [org.gradle.workers.internal.WorkerDaemonExpiration] Will attempt to release 805 of memory
2023-03-18T18:09:23.279+0200 [DEBUG] [org.gradle.process.internal.health.memory.DefaultMemoryManager] 844204441 memory requested, 0 released, 806871040 free
2023-03-18T18:09:23.358+0200 [DEBUG] [org.gradle.cache.internal.DefaultFileLockManager] Waiting to acquire shared lock on daemon addresses registry.
2023-03-18T18:09:23.358+0200 [DEBUG] [org.gradle.cache.internal.DefaultFileLockManager] Lock acquired on daemon addresses registry.
2023-03-18T18:09:23.359+0200 [DEBUG] [org.gradle.cache.internal.DefaultFileLockManager] Releasing lock on daemon addresses registry.
2023-03-18T18:09:23.360+0200 [DEBUG] [org.gradle.cache.internal.DefaultFileLockManager] Waiting to acquire shared lock on daemon addresses registry.
2023-03-18T18:09:23.360+0200 [DEBUG] [org.gradle.cache.internal.DefaultFileLockManager] Lock acquired on daemon addresses registry.
2023-03-18T18:09:23.360+0200 [DEBUG] [org.gradle.cache.internal.DefaultFileLockManager] Releasing lock on daemon addresses registry.
2023-03-18T18:09:23.362+0200 [DEBUG] [org.gradle.cache.internal.DefaultFileLockManager] Waiting to acquire shared lock on daemon addresses registry.
2023-03-18T18:09:23.362+0200 [DEBUG] [org.gradle.cache.internal.DefaultFileLockManager] Lock acquired on daemon addresses registry.
2023-03-18T18:09:23.362+0200 [DEBUG] [org.gradle.cache.internal.DefaultFileLockManager] Releasing lock on daemon addresses registry.
2023-03-18T18:09:28.278+0200 [DEBUG] [org.gradle.process.internal.health.memory.DefaultMemoryManager] 844204441 memory requested, 755445760 free
2023-03-18T18:09:28.278+0200 [DEBUG] [org.gradle.workers.internal.WorkerDaemonExpiration] Will attempt to release 805 of memory
2023-03-18T18:09:28.278+0200 [DEBUG] [org.gradle.process.internal.health.memory.DefaultMemoryManager] 844204441 memory requested, 0 released, 755445760 free
2023-03-18T18:09:33.276+0200 [DEBUG] [org.gradle.process.internal.health.memory.DefaultMemoryManager] 844204441 memory requested, 752836608 free
2023-03-18T18:09:33.777+0200 [DEBUG] [org.gradle.workers.internal.WorkerDaemonExpiration] Will attempt to release 805 of memory
2023-03-18T18:09:33.777+0200 [DEBUG] [org.gradle.process.internal.health.memory.DefaultMemoryManager] 844204441 memory requested, 0 released, 752836608 free
2023-03-18T18:09:33.356+0200 [DEBUG] [org.gradle.cache.internal.DefaultFileLockManager] Waiting to acquire shared lock on daemon addresses registry.
2023-03-18T18:09:33.777+0200 [DEBUG] [org.gradle.cache.internal.DefaultFileLockManager] Lock acquired on daemon addresses registry.
2023-03-18T18:09:33.777+0200 [DEBUG] [org.gradle.cache.internal.DefaultFileLockManager] Releasing lock on daemon addresses registry.
2023-03-18T18:09:33.779+0200 [DEBUG] [org.gradle.cache.internal.DefaultFileLockManager] Waiting to acquire shared lock on daemon addresses registry.
2023-03-18T18:09:33.779+0200 [DEBUG] [org.gradle.cache.internal.DefaultFileLockManager] Lock acquired on daemon addresses registry.
2023-03-18T18:09:33.779+0200 [DEBUG] [org.gradle.cache.internal.DefaultFileLockManager] Releasing lock on daemon addresses registry.
2023-03-18T18:09:33.780+0200 [DEBUG] [org.gradle.cache.internal.DefaultFileLockManager] Waiting to acquire shared lock on daemon addresses registry.
2023-03-18T18:09:33.781+0200 [DEBUG] [org.gradle.cache.internal.DefaultFileLockManager] Lock acquired on daemon addresses registry.
2023-03-18T18:09:33.781+0200 [DEBUG] [org.gradle.cache.internal.DefaultFileLockManager] Releasing lock on daemon addresses registry.
2023-03-18T18:09:38.290+0200 [DEBUG] [org.gradle.process.internal.health.memory.DefaultMemoryManager] 844204441 memory requested, 737394688 free
2023-03-18T18:09:38.290+0200 [DEBUG] [org.gradle.workers.internal.WorkerDaemonExpiration] Will attempt to release 805 of memory
2023-03-18T18:09:38.290+0200 [DEBUG] [org.gradle.process.internal.health.memory.DefaultMemoryManager] 844204441 memory requested, 0 released, 737394688 free
2023-03-18T18:09:43.289+0200 [DEBUG] [org.gradle.process.internal.health.memory.DefaultMemoryManager] 844204441 memory requested, 759390208 free
2023-03-18T18:09:43.289+0200 [DEBUG] [org.gradle.workers.internal.WorkerDaemonExpiration] Will attempt to release 805 of memory
2023-03-18T18:09:43.289+0200 [DEBUG] [org.gradle.process.internal.health.memory.DefaultMemoryManager] 844204441 memory requested, 0 released, 759390208 free
2023-03-18T18:09:43.353+0200 [DEBUG] [org.gradle.cache.internal.DefaultFileLockManager] Waiting to acquire shared lock on daemon addresses registry.
2023-03-18T18:09:43.353+0200 [DEBUG] [org.gradle.cache.internal.DefaultFileLockManager] Lock acquired on daemon addresses registry.
2023-03-18T18:09:43.353+0200 [DEBUG] [org.gradle.cache.internal.DefaultFileLockManager] Releasing lock on daemon addresses registry.
2023-03-18T18:09:43.355+0200 [DEBUG] [org.gradle.cache.internal.DefaultFileLockManager] Waiting to acquire shared lock on daemon addresses registry.
2023-03-18T18:09:43.355+0200 [DEBUG] [org.gradle.cache.internal.DefaultFileLockManager] Lock acquired on daemon addresses registry.
2023-03-18T18:09:43.355+0200 [DEBUG] [org.gradle.cache.internal.DefaultFileLockManager] Releasing lock on daemon addresses registry.
2023-03-18T18:09:43.357+0200 [DEBUG] [org.gradle.cache.internal.DefaultFileLockManager] Waiting to acquire shared lock on daemon addresses registry.
2023-03-18T18:09:43.357+0200 [DEBUG] [org.gradle.cache.internal.DefaultFileLockManager] Lock acquired on daemon addresses registry.
2023-03-18T18:09:43.357+0200 [DEBUG] [org.gradle.cache.internal.DefaultFileLockManager] Releasing lock on daemon addresses registry.
2023-03-18T18:09:48.291+0200 [DEBUG] [org.gradle.process.internal.health.memory.DefaultMemoryManager] 844204441 memory requested, 765427712 free
2023-03-18T18:09:48.291+0200 [DEBUG] [org.gradle.workers.internal.WorkerDaemonExpiration] Will attempt to release 805 of memory
2023-03-18T18:09:48.291+0200 [DEBUG] [org.gradle.process.internal.health.memory.DefaultMemoryManager] 844204441 memory requested, 0 released, 765427712 free
2023-03-18T18:09:53.277+0200 [DEBUG] [org.gradle.process.internal.health.memory.DefaultMemoryManager] 844204441 memory requested, 756416512 free
2023-03-18T18:09:53.277+0200 [DEBUG] [org.gradle.workers.internal.WorkerDaemonExpiration] Will attempt to release 805 of memory
2023-03-18T18:09:53.278+0200 [DEBUG] [org.gradle.process.internal.health.memory.DefaultMemoryManager] 844204441 memory requested, 0 released, 756416512 free
2023-03-18T18:09:53.356+0200 [DEBUG] [org.gradle.cache.internal.DefaultFileLockManager] Waiting to acquire shared lock on daemon addresses registry.
2023-03-18T18:09:53.357+0200 [DEBUG] [org.gradle.cache.internal.DefaultFileLockManager] Lock acquired on daemon addresses registry.
2023-03-18T18:09:53.357+0200 [DEBUG] [org.gradle.cache.internal.DefaultFileLockManager] Releasing lock on daemon addresses registry.
2023-03-18T18:09:53.359+0200 [DEBUG] [org.gradle.cache.internal.DefaultFileLockManager] Waiting to acquire shared lock on daemon addresses registry.
2023-03-18T18:09:53.359+0200 [DEBUG] [org.gradle.cache.internal.DefaultFileLockManager] Lock acquired on daemon addresses registry.
2023-03-18T18:09:53.359+0200 [DEBUG] [org.gradle.cache.internal.DefaultFileLockManager] Releasing lock on daemon addresses registry.
2023-03-18T18:09:53.361+0200 [DEBUG] [org.gradle.cache.internal.DefaultFileLockManager] Waiting to acquire shared lock on daemon addresses registry.
2023-03-18T18:09:53.361+0200 [DEBUG] [org.gradle.cache.internal.DefaultFileLockManager] Lock acquired on daemon addresses registry.
2023-03-18T18:09:53.361+0200 [DEBUG] [org.gradle.cache.internal.DefaultFileLockManager] Releasing lock on daemon addresses registry.
2023-03-18T18:09:58.288+0200 [DEBUG] [org.gradle.process.internal.health.memory.DefaultMemoryManager] 844204441 memory requested, 748044288 free
2023-03-18T18:09:58.288+0200 [DEBUG] [org.gradle.workers.internal.WorkerDaemonExpiration] Will attempt to release 805 of memory
2023-03-18T18:09:58.288+0200 [DEBUG] [org.gradle.process.internal.health.memory.DefaultMemoryManager] 844204441 memory requested, 0 released, 748044288 free
2023-03-18T18:10:03.289+0200 [DEBUG] [org.gradle.process.internal.health.memory.DefaultMemoryManager] 844204441 memory requested, 731357184 free
2023-03-18T18:10:03.289+0200 [DEBUG] [org.gradle.workers.internal.WorkerDaemonExpiration] Will attempt to release 805 of memory
2023-03-18T18:10:03.289+0200 [DEBUG] [org.gradle.process.internal.health.memory.DefaultMemoryManager] 844204441 memory requested, 0 released, 731357184 free
2023-03-18T18:10:03.352+0200 [DEBUG] [org.gradle.cache.internal.DefaultFileLockManager] Waiting to acquire shared lock on daemon addresses registry.
2023-03-18T18:10:03.352+0200 [DEBUG] [org.gradle.cache.internal.DefaultFileLockManager] Lock acquired on daemon addresses registry.
2023-03-18T18:10:03.353+0200 [DEBUG] [org.gradle.cache.internal.DefaultFileLockManager] Releasing lock on daemon addresses registry.
2023-03-18T18:10:03.354+0200 [DEBUG] [org.gradle.cache.internal.DefaultFileLockManager] Waiting to acquire shared lock on daemon addresses registry.
2023-03-18T18:10:03.354+0200 [DEBUG] [org.gradle.cache.internal.DefaultFileLockManager] Lock acquired on daemon addresses registry.
2023-03-18T18:10:03.355+0200 [DEBUG] [org.gradle.cache.internal.DefaultFileLockManager] Releasing lock on daemon addresses registry.
2023-03-18T18:10:03.356+0200 [DEBUG] [org.gradle.cache.internal.DefaultFileLockManager] Waiting to acquire shared lock on daemon addresses registry.
2023-03-18T18:10:03.356+0200 [DEBUG] [org.gradle.cache.internal.DefaultFileLockManager] Lock acquired on daemon addresses registry.
2023-03-18T18:10:03.356+0200 [DEBUG] [org.gradle.cache.internal.DefaultFileLockManager] Releasing lock on daemon addresses registry.
2023-03-18T18:10:08.288+0200 [DEBUG] [org.gradle.process.internal.health.memory.DefaultMemoryManager] 844204441 memory requested, 724197376 free
2023-03-18T18:10:08.288+0200 [DEBUG] [org.gradle.workers.internal.WorkerDaemonExpiration] Will attempt to release 805 of memory
2023-03-18T18:10:08.288+0200 [DEBUG] [org.gradle.process.internal.health.memory.DefaultMemoryManager] 844204441 memory requested, 0 released, 724197376 free
2023-03-18T18:10:13.287+0200 [DEBUG] [org.gradle.process.internal.health.memory.DefaultMemoryManager] 844204441 memory requested, 701173760 free
2023-03-18T18:10:13.287+0200 [DEBUG] [org.gradle.workers.internal.WorkerDaemonExpiration] Will attempt to release 805 of memory
2023-03-18T18:10:13.287+0200 [DEBUG] [org.gradle.process.internal.health.memory.DefaultMemoryManager] 844204441 memory requested, 0 released, 701173760 free
2023-03-18T18:10:13.351+0200 [DEBUG] [org.gradle.cache.internal.DefaultFileLockManager] Waiting to acquire shared lock on daemon addresses registry.
2023-03-18T18:10:13.351+0200 [DEBUG] [org.gradle.cache.internal.DefaultFileLockManager] Lock acquired on daemon addresses registry.
2023-03-18T18:10:13.351+0200 [DEBUG] [org.gradle.cache.internal.DefaultFileLockManager] Releasing lock on daemon addresses registry.
2023-03-18T18:10:13.353+0200 [DEBUG] [org.gradle.cache.internal.DefaultFileLockManager] Waiting to acquire shared lock on daemon addresses registry.
2023-03-18T18:10:13.353+0200 [DEBUG] [org.gradle.cache.internal.DefaultFileLockManager] Lock acquired on daemon addresses registry.
2023-03-18T18:10:13.353+0200 [DEBUG] [org.gradle.cache.internal.DefaultFileLockManager] Releasing lock on daemon addresses registry.
2023-03-18T18:10:13.355+0200 [DEBUG] [org.gradle.cache.internal.DefaultFileLockManager] Waiting to acquire shared lock on daemon addresses registry.
2023-03-18T18:10:13.355+0200 [DEBUG] [org.gradle.cache.internal.DefaultFileLockManager] Lock acquired on daemon addresses registry.
2023-03-18T18:10:13.355+0200 [DEBUG] [org.gradle.cache.internal.DefaultFileLockManager] Releasing lock on daemon addresses registry.
2023-03-18T18:10:18.276+0200 [DEBUG] [org.gradle.process.internal.health.memory.DefaultMemoryManager] 844204441 memory requested, 668336128 free
2023-03-18T18:10:18.276+0200 [DEBUG] [org.gradle.workers.internal.WorkerDaemonExpiration] Will attempt to release 805 of memory
2023-03-18T18:10:18.276+0200 [DEBUG] [org.gradle.process.internal.health.memory.DefaultMemoryManager] 844204441 memory requested, 0 released, 668336128 free
2023-03-18T18:10:23.285+0200 [DEBUG] [org.gradle.process.internal.health.memory.DefaultMemoryManager] 844204441 memory requested, 658288640 free
2023-03-18T18:10:23.285+0200 [DEBUG] [org.gradle.workers.internal.WorkerDaemonExpiration] Will attempt to release 805 of memory
2023-03-18T18:10:23.285+0200 [DEBUG] [org.gradle.process.internal.health.memory.DefaultMemoryManager] 844204441 memory requested, 0 released, 658288640 free
2023-03-18T18:10:23.365+0200 [DEBUG] [org.gradle.cache.internal.DefaultFileLockManager] Waiting to acquire shared lock on daemon addresses registry.
2023-03-18T18:10:23.365+0200 [DEBUG] [org.gradle.cache.internal.DefaultFileLockManager] Lock acquired on daemon addresses registry.
2023-03-18T18:10:23.366+0200 [DEBUG] [org.gradle.cache.internal.DefaultFileLockManager] Releasing lock on daemon addresses registry.
2023-03-18T18:10:23.367+0200 [DEBUG] [org.gradle.cache.internal.DefaultFileLockManager] Waiting to acquire shared lock on daemon addresses registry.
2023-03-18T18:10:23.367+0200 [DEBUG] [org.gradle.cache.internal.DefaultFileLockManager] Lock acquired on daemon addresses registry.
2023-03-18T18:10:23.368+0200 [DEBUG] [org.gradle.cache.internal.DefaultFileLockManager] Releasing lock on daemon addresses registry.
2023-03-18T18:10:23.369+0200 [DEBUG] [org.gradle.cache.internal.DefaultFileLockManager] Waiting to acquire shared lock on daemon addresses registry.
2023-03-18T18:10:23.369+0200 [DEBUG] [org.gradle.cache.internal.DefaultFileLockManager] Lock acquired on daemon addresses registry.
2023-03-18T18:10:23.370+0200 [DEBUG] [org.gradle.cache.internal.DefaultFileLockManager] Releasing lock on daemon addresses registry.
2023-03-18T18:10:28.284+0200 [DEBUG] [org.gradle.process.internal.health.memory.DefaultMemoryManager] 844204441 memory requested, 642211840 free
2023-03-18T18:10:28.284+0200 [DEBUG] [org.gradle.workers.internal.WorkerDaemonExpiration] Will attempt to release 805 of memory
2023-03-18T18:10:28.284+0200 [DEBUG] [org.gradle.process.internal.health.memory.DefaultMemoryManager] 844204441 memory requested, 0 released, 642211840 free
2023-03-18T18:10:33.283+0200 [DEBUG] [org.gradle.process.internal.health.memory.DefaultMemoryManager] 844204441 memory requested, 705470464 free
2023-03-18T18:10:33.478+0200 [DEBUG] [org.gradle.workers.internal.WorkerDaemonExpiration] Will attempt to release 805 of memory
2023-03-18T18:10:33.478+0200 [DEBUG] [org.gradle.process.internal.health.memory.DefaultMemoryManager] 844204441 memory requested, 0 released, 705470464 free
2023-03-18T18:10:33.362+0200 [DEBUG] [org.gradle.cache.internal.DefaultFileLockManager] Waiting to acquire shared lock on daemon addresses registry.
2023-03-18T18:10:33.478+0200 [DEBUG] [org.gradle.cache.internal.DefaultFileLockManager] Lock acquired on daemon addresses registry.
2023-03-18T18:10:33.479+0200 [DEBUG] [org.gradle.cache.internal.DefaultFileLockManager] Releasing lock on daemon addresses registry.
2023-03-18T18:10:33.480+0200 [DEBUG] [org.gradle.cache.internal.DefaultFileLockManager] Waiting to acquire shared lock on daemon addresses registry.
2023-03-18T18:10:33.480+0200 [DEBUG] [org.gradle.cache.internal.DefaultFileLockManager] Lock acquired on daemon addresses registry.
2023-03-18T18:10:33.481+0200 [DEBUG] [org.gradle.cache.internal.DefaultFileLockManager] Releasing lock on daemon addresses registry.
2023-03-18T18:10:33.482+0200 [DEBUG] [org.gradle.cache.internal.DefaultFileLockManager] Waiting to acquire shared lock on daemon addresses registry.
2023-03-18T18:10:33.482+0200 [DEBUG] [org.gradle.cache.internal.DefaultFileLockManager] Lock acquired on daemon addresses registry.
2023-03-18T18:10:33.482+0200 [DEBUG] [org.gradle.cache.internal.DefaultFileLockManager] Releasing lock on daemon addresses registry.
2023-03-18T18:10:38.288+0200 [DEBUG] [org.gradle.process.internal.health.memory.DefaultMemoryManager] 844204441 memory requested, 720093184 free
2023-03-18T18:10:38.289+0200 [DEBUG] [org.gradle.workers.internal.WorkerDaemonExpiration] Will attempt to release 805 of memory
2023-03-18T18:10:38.289+0200 [DEBUG] [org.gradle.process.internal.health.memory.DefaultMemoryManager] 844204441 memory requested, 0 released, 720093184 free
2023-03-18T18:10:43.280+0200 [DEBUG] [org.gradle.process.internal.health.memory.DefaultMemoryManager] 844204441 memory requested, 710152192 free
2023-03-18T18:10:43.281+0200 [DEBUG] [org.gradle.workers.internal.WorkerDaemonExpiration] Will attempt to release 805 of memory
2023-03-18T18:10:43.281+0200 [DEBUG] [org.gradle.process.internal.health.memory.DefaultMemoryManager] 844204441 memory requested, 0 released, 710152192 free
2023-03-18T18:10:43.357+0200 [DEBUG] [org.gradle.cache.internal.DefaultFileLockManager] Waiting to acquire shared lock on daemon addresses registry.
2023-03-18T18:10:43.358+0200 [DEBUG] [org.gradle.cache.internal.DefaultFileLockManager] Lock acquired on daemon addresses registry.
2023-03-18T18:10:43.358+0200 [DEBUG] [org.gradle.cache.internal.DefaultFileLockManager] Releasing lock on daemon addresses registry.
2023-03-18T18:10:43.359+0200 [DEBUG] [org.gradle.cache.internal.DefaultFileLockManager] Waiting to acquire shared lock on daemon addresses registry.
2023-03-18T18:10:43.359+0200 [DEBUG] [org.gradle.cache.internal.DefaultFileLockManager] Lock acquired on daemon addresses registry.
2023-03-18T18:10:43.360+0200 [DEBUG] [org.gradle.cache.internal.DefaultFileLockManager] Releasing lock on daemon addresses registry.
2023-03-18T18:10:43.361+0200 [DEBUG] [org.gradle.cache.internal.DefaultFileLockManager] Waiting to acquire shared lock on daemon addresses registry.
2023-03-18T18:10:43.361+0200 [DEBUG] [org.gradle.cache.internal.DefaultFileLockManager] Lock acquired on daemon addresses registry.
2023-03-18T18:10:43.361+0200 [DEBUG] [org.gradle.cache.internal.DefaultFileLockManager] Releasing lock on daemon addresses registry.
2023-03-18T18:10:48.282+0200 [DEBUG] [org.gradle.process.internal.health.memory.DefaultMemoryManager] 844204441 memory requested, 701476864 free
2023-03-18T18:10:48.282+0200 [DEBUG] [org.gradle.workers.internal.WorkerDaemonExpiration] Will attempt to release 805 of memory
2023-03-18T18:10:48.282+0200 [DEBUG] [org.gradle.process.internal.health.memory.DefaultMemoryManager] 844204441 memory requested, 0 released, 701476864 free
2023-03-18T18:10:48.705+0200 [DEBUG] [sun.rmi.transport.tcp] RMI TCP Connection(3)-127.0.0.1: accepted socket from [127.0.0.1:56238]
2023-03-18T18:10:48.707+0200 [DEBUG] [sun.rmi.transport.tcp] RMI TCP Connection(3)-127.0.0.1: (port 56107) op = 80
2023-03-18T18:10:48.708+0200 [DEBUG] [sun.rmi.loader] RMI TCP Connection(3)-127.0.0.1: name = "[Ljava.rmi.server.ObjID;", codebase = "", defaultLoader = jdk.internal.loader.ClassLoaders$PlatformClassLoader@47fda5f6
2023-03-18T18:10:49.219+0200 [DEBUG] [sun.rmi.loader] RMI TCP Connection(3)-127.0.0.1: name = "java.rmi.dgc.Lease", codebase = "", defaultLoader = jdk.internal.loader.ClassLoaders$PlatformClassLoader@47fda5f6
2023-03-18T18:10:49.219+0200 [DEBUG] [sun.rmi.loader] RMI TCP Connection(3)-127.0.0.1: name = "java.rmi.dgc.VMID", codebase = "", defaultLoader = jdk.internal.loader.ClassLoaders$PlatformClassLoader@47fda5f6
2023-03-18T18:10:49.219+0200 [DEBUG] [sun.rmi.loader] RMI TCP Connection(3)-127.0.0.1: name = "[B", codebase = "", defaultLoader = jdk.internal.loader.ClassLoaders$PlatformClassLoader@47fda5f6
2023-03-18T18:10:49.219+0200 [DEBUG] [sun.rmi.loader] RMI TCP Connection(3)-127.0.0.1: name = "java.rmi.server.UID", codebase = "", defaultLoader = jdk.internal.loader.ClassLoaders$PlatformClassLoader@47fda5f6
2023-03-18T18:10:53.283+0200 [DEBUG] [org.gradle.process.internal.health.memory.DefaultMemoryManager] 844204441 memory requested, 705708032 free
2023-03-18T18:10:53.283+0200 [DEBUG] [org.gradle.workers.internal.WorkerDaemonExpiration] Will attempt to release 805 of memory
2023-03-18T18:10:53.283+0200 [DEBUG] [org.gradle.process.internal.health.memory.DefaultMemoryManager] 844204441 memory requested, 0 released, 705708032 free
2023-03-18T18:10:53.363+0200 [DEBUG] [org.gradle.cache.internal.DefaultFileLockManager] Waiting to acquire shared lock on daemon addresses registry.
2023-03-18T18:10:53.363+0200 [DEBUG] [org.gradle.cache.internal.DefaultFileLockManager] Lock acquired on daemon addresses registry.
2023-03-18T18:10:53.363+0200 [DEBUG] [org.gradle.cache.internal.DefaultFileLockManager] Releasing lock on daemon addresses registry.
2023-03-18T18:10:53.365+0200 [DEBUG] [org.gradle.cache.internal.DefaultFileLockManager] Waiting to acquire shared lock on daemon addresses registry.
2023-03-18T18:10:53.365+0200 [DEBUG] [org.gradle.cache.internal.DefaultFileLockManager] Lock acquired on daemon addresses registry.
2023-03-18T18:10:53.365+0200 [DEBUG] [org.gradle.cache.internal.DefaultFileLockManager] Releasing lock on daemon addresses registry.
2023-03-18T18:10:53.366+0200 [DEBUG] [org.gradle.cache.internal.DefaultFileLockManager] Waiting to acquire shared lock on daemon addresses registry.
2023-03-18T18:10:53.366+0200 [DEBUG] [org.gradle.cache.internal.DefaultFileLockManager] Lock acquired on daemon addresses registry.
2023-03-18T18:10:53.367+0200 [DEBUG] [org.gradle.cache.internal.DefaultFileLockManager] Releasing lock on daemon addresses registry.
2023-03-18T18:10:58.284+0200 [DEBUG] [org.gradle.process.internal.health.memory.DefaultMemoryManager] 844204441 memory requested, 686948352 free
2023-03-18T18:10:58.284+0200 [DEBUG] [org.gradle.workers.internal.WorkerDaemonExpiration] Will attempt to release 805 of memory
2023-03-18T18:10:58.285+0200 [DEBUG] [org.gradle.process.internal.health.memory.DefaultMemoryManager] 844204441 memory requested, 0 released, 686948352 free
2023-03-18T18:11:03.287+0200 [DEBUG] [org.gradle.process.internal.health.memory.DefaultMemoryManager] 844204441 memory requested, 688603136 free
2023-03-18T18:11:03.287+0200 [DEBUG] [org.gradle.workers.internal.WorkerDaemonExpiration] Will attempt to release 805 of memory
2023-03-18T18:11:03.287+0200 [DEBUG] [org.gradle.process.internal.health.memory.DefaultMemoryManager] 844204441 memory requested, 0 released, 688603136 free
2023-03-18T18:11:03.484+0200 [DEBUG] [org.gradle.cache.internal.DefaultFileLockManager] Waiting to acquire shared lock on daemon addresses registry.
2023-03-18T18:11:03.485+0200 [DEBUG] [org.gradle.cache.internal.DefaultFileLockManager] Lock acquired on daemon addresses registry.
2023-03-18T18:11:03.485+0200 [DEBUG] [org.gradle.cache.internal.DefaultFileLockManager] Releasing lock on daemon addresses registry.
2023-03-18T18:11:03.486+0200 [DEBUG] [org.gradle.cache.internal.DefaultFileLockManager] Waiting to acquire shared lock on daemon addresses registry.
2023-03-18T18:11:03.487+0200 [DEBUG] [org.gradle.cache.internal.DefaultFileLockManager] Lock acquired on daemon addresses registry.
2023-03-18T18:11:03.487+0200 [DEBUG] [org.gradle.cache.internal.DefaultFileLockManager] Releasing lock on daemon addresses registry.
2023-03-18T18:11:03.488+0200 [DEBUG] [org.gradle.cache.internal.DefaultFileLockManager] Waiting to acquire shared lock on daemon addresses registry.
2023-03-18T18:11:03.488+0200 [DEBUG] [org.gradle.cache.internal.DefaultFileLockManager] Lock acquired on daemon addresses registry.
2023-03-18T18:11:03.489+0200 [DEBUG] [org.gradle.cache.internal.DefaultFileLockManager] Releasing lock on daemon addresses registry.
2023-03-18T18:11:04.221+0200 [DEBUG] [sun.rmi.transport.tcp] RMI TCP Connection(3)-127.0.0.1: (port 56107) connection closed
2023-03-18T18:11:04.222+0200 [DEBUG] [sun.rmi.transport.tcp] RMI TCP Connection(3)-127.0.0.1: close connection, socket: Socket[addr=/127.0.0.1,port=56238,localport=56107]
2023-03-18T18:11:04.222+0200 [DEBUG] [sun.rmi.transport.tcp] RMI TCP Connection(3)-127.0.0.1: socket close: Socket[addr=/127.0.0.1,port=56238,localport=56107]
2023-03-18T18:11:08.285+0200 [DEBUG] [org.gradle.process.internal.health.memory.DefaultMemoryManager] 844204441 memory requested, 679092224 free
2023-03-18T18:11:08.286+0200 [DEBUG] [org.gradle.workers.internal.WorkerDaemonExpiration] Will attempt to release 805 of memory
2023-03-18T18:11:08.286+0200 [DEBUG] [org.gradle.process.internal.health.memory.DefaultMemoryManager] 844204441 memory requested, 0 released, 679092224 free
2023-03-18T18:11:13.278+0200 [DEBUG] [org.gradle.process.internal.health.memory.DefaultMemoryManager] 844204441 memory requested, 665497600 free
2023-03-18T18:11:13.278+0200 [DEBUG] [org.gradle.workers.internal.WorkerDaemonExpiration] Will attempt to release 805 of memory
2023-03-18T18:11:13.278+0200 [DEBUG] [org.gradle.process.internal.health.memory.DefaultMemoryManager] 844204441 memory requested, 0 released, 665497600 free
2023-03-18T18:11:13.358+0200 [DEBUG] [org.gradle.cache.internal.DefaultFileLockManager] Waiting to acquire shared lock on daemon addresses registry.
2023-03-18T18:11:13.358+0200 [DEBUG] [org.gradle.cache.internal.DefaultFileLockManager] Lock acquired on daemon addresses registry.
2023-03-18T18:11:13.358+0200 [DEBUG] [org.gradle.cache.internal.DefaultFileLockManager] Releasing lock on daemon addresses registry.
2023-03-18T18:11:13.359+0200 [DEBUG] [org.gradle.cache.internal.DefaultFileLockManager] Waiting to acquire shared lock on daemon addresses registry.
2023-03-18T18:11:13.359+0200 [DEBUG] [org.gradle.cache.internal.DefaultFileLockManager] Lock acquired on daemon addresses registry.
2023-03-18T18:11:13.360+0200 [DEBUG] [org.gradle.cache.internal.DefaultFileLockManager] Releasing lock on daemon addresses registry.
2023-03-18T18:11:13.361+0200 [DEBUG] [org.gradle.cache.internal.DefaultFileLockManager] Waiting to acquire shared lock on daemon addresses registry.
2023-03-18T18:11:13.361+0200 [DEBUG] [org.gradle.cache.internal.DefaultFileLockManager] Lock acquired on daemon addresses registry.
2023-03-18T18:11:13.361+0200 [DEBUG] [org.gradle.cache.internal.DefaultFileLockManager] Releasing lock on daemon addresses registry.
2023-03-18T18:11:18.282+0200 [DEBUG] [org.gradle.process.internal.health.memory.DefaultMemoryManager] 844204441 memory requested, 671326208 free
2023-03-18T18:11:18.283+0200 [DEBUG] [org.gradle.workers.internal.WorkerDaemonExpiration] Will attempt to release 805 of memory
2023-03-18T18:11:18.283+0200 [DEBUG] [org.gradle.process.internal.health.memory.DefaultMemoryManager] 844204441 memory requested, 0 released, 671326208 free
2023-03-18T18:11:23.279+0200 [DEBUG] [org.gradle.process.internal.health.memory.DefaultMemoryManager] 844204441 memory requested, 739790848 free
2023-03-18T18:11:23.279+0200 [DEBUG] [org.gradle.workers.internal.WorkerDaemonExpiration] Will attempt to release 805 of memory
2023-03-18T18:11:23.279+0200 [DEBUG] [org.gradle.process.internal.health.memory.DefaultMemoryManager] 844204441 memory requested, 0 released, 739790848 free
2023-03-18T18:11:23.440+0200 [DEBUG] [org.gradle.cache.internal.DefaultFileLockManager] Waiting to acquire shared lock on daemon addresses registry.
2023-03-18T18:11:23.441+0200 [DEBUG] [org.gradle.cache.internal.DefaultFileLockManager] Lock acquired on daemon addresses registry.
2023-03-18T18:11:23.441+0200 [DEBUG] [org.gradle.cache.internal.DefaultFileLockManager] Releasing lock on daemon addresses registry.
2023-03-18T18:11:23.442+0200 [DEBUG] [org.gradle.cache.internal.DefaultFileLockManager] Waiting to acquire shared lock on daemon addresses registry.
2023-03-18T18:11:23.442+0200 [DEBUG] [org.gradle.cache.internal.DefaultFileLockManager] Lock acquired on daemon addresses registry.
2023-03-18T18:11:23.443+0200 [DEBUG] [org.gradle.cache.internal.DefaultFileLockManager] Releasing lock on daemon addresses registry.
2023-03-18T18:11:23.444+0200 [DEBUG] [org.gradle.cache.internal.DefaultFileLockManager] Waiting to acquire shared lock on daemon addresses registry.
2023-03-18T18:11:23.444+0200 [DEBUG] [org.gradle.cache.internal.DefaultFileLockManager] Lock acquired on daemon addresses registry.
2023-03-18T18:11:23.444+0200 [DEBUG] [org.gradle.cache.internal.DefaultFileLockManager] Releasing lock on daemon addresses registry.
2023-03-18T18:11:28.281+0200 [DEBUG] [org.gradle.process.internal.health.memory.DefaultMemoryManager] 844204441 memory requested, 740933632 free
2023-03-18T18:11:28.281+0200 [DEBUG] [org.gradle.workers.internal.WorkerDaemonExpiration] Will attempt to release 805 of memory
2023-03-18T18:11:28.281+0200 [DEBUG] [org.gradle.process.internal.health.memory.DefaultMemoryManager] 844204441 memory requested, 0 released, 740933632 free
2023-03-18T18:11:33.277+0200 [DEBUG] [org.gradle.process.internal.health.memory.DefaultMemoryManager] 844204441 memory requested, 699723776 free
2023-03-18T18:11:33.277+0200 [DEBUG] [org.gradle.workers.internal.WorkerDaemonExpiration] Will attempt to release 805 of memory
2023-03-18T18:11:33.277+0200 [DEBUG] [org.gradle.process.internal.health.memory.DefaultMemoryManager] 844204441 memory requested, 0 released, 699723776 free
2023-03-18T18:11:33.421+0200 [DEBUG] [org.gradle.cache.internal.DefaultFileLockManager] Waiting to acquire shared lock on daemon addresses registry.
2023-03-18T18:11:33.422+0200 [DEBUG] [org.gradle.cache.internal.DefaultFileLockManager] Lock acquired on daemon addresses registry.
2023-03-18T18:11:33.422+0200 [DEBUG] [org.gradle.cache.internal.DefaultFileLockManager] Releasing lock on daemon addresses registry.
2023-03-18T18:11:33.423+0200 [DEBUG] [org.gradle.cache.internal.DefaultFileLockManager] Waiting to acquire shared lock on daemon addresses registry.
2023-03-18T18:11:33.423+0200 [DEBUG] [org.gradle.cache.internal.DefaultFileLockManager] Lock acquired on daemon addresses registry.
2023-03-18T18:11:33.424+0200 [DEBUG] [org.gradle.cache.internal.DefaultFileLockManager] Releasing lock on daemon addresses registry.
2023-03-18T18:11:33.425+0200 [DEBUG] [org.gradle.cache.internal.DefaultFileLockManager] Waiting to acquire shared lock on daemon addresses registry.
2023-03-18T18:11:33.425+0200 [DEBUG] [org.gradle.cache.internal.DefaultFileLockManager] Lock acquired on daemon addresses registry.
2023-03-18T18:11:33.425+0200 [DEBUG] [org.gradle.cache.internal.DefaultFileLockManager] Releasing lock on daemon addresses registry.
2023-03-18T18:11:38.292+0200 [DEBUG] [org.gradle.process.internal.health.memory.DefaultMemoryManager] 844204441 memory requested, 803467264 free
2023-03-18T18:11:38.534+0200 [DEBUG] [org.gradle.workers.internal.WorkerDaemonExpiration] Will attempt to release 805 of memory
2023-03-18T18:11:38.535+0200 [DEBUG] [org.gradle.process.internal.health.memory.DefaultMemoryManager] 844204441 memory requested, 0 released, 803467264 free
2023-03-18T18:11:43.288+0200 [DEBUG] [org.gradle.process.internal.health.memory.DefaultMemoryManager] 844204441 memory requested, 787308544 free
2023-03-18T18:11:43.288+0200 [DEBUG] [org.gradle.workers.internal.WorkerDaemonExpiration] Will attempt to release 805 of memory
2023-03-18T18:11:43.289+0200 [DEBUG] [org.gradle.process.internal.health.memory.DefaultMemoryManager] 844204441 memory requested, 0 released, 787308544 free
2023-03-18T18:11:43.351+0200 [DEBUG] [org.gradle.cache.internal.DefaultFileLockManager] Waiting to acquire shared lock on daemon addresses registry.
2023-03-18T18:11:43.351+0200 [DEBUG] [org.gradle.cache.internal.DefaultFileLockManager] Lock acquired on daemon addresses registry.
2023-03-18T18:11:43.352+0200 [DEBUG] [org.gradle.cache.internal.DefaultFileLockManager] Releasing lock on daemon addresses registry.
2023-03-18T18:11:43.353+0200 [DEBUG] [org.gradle.cache.internal.DefaultFileLockManager] Waiting to acquire shared lock on daemon addresses registry.
2023-03-18T18:11:43.353+0200 [DEBUG] [org.gradle.cache.internal.DefaultFileLockManager] Lock acquired on daemon addresses registry.
2023-03-18T18:11:43.353+0200 [DEBUG] [org.gradle.cache.internal.DefaultFileLockManager] Releasing lock on daemon addresses registry.
2023-03-18T18:11:43.355+0200 [DEBUG] [org.gradle.cache.internal.DefaultFileLockManager] Waiting to acquire shared lock on daemon addresses registry.
2023-03-18T18:11:43.355+0200 [DEBUG] [org.gradle.cache.internal.DefaultFileLockManager] Lock acquired on daemon addresses registry.
2023-03-18T18:11:43.355+0200 [DEBUG] [org.gradle.cache.internal.DefaultFileLockManager] Releasing lock on daemon addresses registry.
2023-03-18T18:11:48.292+0200 [DEBUG] [org.gradle.process.internal.health.memory.DefaultMemoryManager] 844204441 memory requested, 753676288 free
2023-03-18T18:11:48.292+0200 [DEBUG] [org.gradle.workers.internal.WorkerDaemonExpiration] Will attempt to release 805 of memory
2023-03-18T18:11:48.292+0200 [DEBUG] [org.gradle.process.internal.health.memory.DefaultMemoryManager] 844204441 memory requested, 0 released, 753676288 free
2023-03-18T18:11:53.277+0200 [DEBUG] [org.gradle.process.internal.health.memory.DefaultMemoryManager] 844204441 memory requested, 737382400 free
2023-03-18T18:11:53.277+0200 [DEBUG] [org.gradle.workers.internal.WorkerDaemonExpiration] Will attempt to release 805 of memory
2023-03-18T18:11:53.277+0200 [DEBUG] [org.gradle.process.internal.health.memory.DefaultMemoryManager] 844204441 memory requested, 0 released, 737382400 free
2023-03-18T18:11:53.357+0200 [DEBUG] [org.gradle.cache.internal.DefaultFileLockManager] Waiting to acquire shared lock on daemon addresses registry.
2023-03-18T18:11:53.357+0200 [DEBUG] [org.gradle.cache.internal.DefaultFileLockManager] Lock acquired on daemon addresses registry.
2023-03-18T18:11:53.358+0200 [DEBUG] [org.gradle.cache.internal.DefaultFileLockManager] Releasing lock on daemon addresses registry.
2023-03-18T18:11:53.359+0200 [DEBUG] [org.gradle.cache.internal.DefaultFileLockManager] Waiting to acquire shared lock on daemon addresses registry.
2023-03-18T18:11:53.359+0200 [DEBUG] [org.gradle.cache.internal.DefaultFileLockManager] Lock acquired on daemon addresses registry.
2023-03-18T18:11:53.360+0200 [DEBUG] [org.gradle.cache.internal.DefaultFileLockManager] Releasing lock on daemon addresses registry.
2023-03-18T18:11:53.361+0200 [DEBUG] [org.gradle.cache.internal.DefaultFileLockManager] Waiting to acquire shared lock on daemon addresses registry.
2023-03-18T18:11:53.361+0200 [DEBUG] [org.gradle.cache.internal.DefaultFileLockManager] Lock acquired on daemon addresses registry.
2023-03-18T18:11:53.361+0200 [DEBUG] [org.gradle.cache.internal.DefaultFileLockManager] Releasing lock on daemon addresses registry.
2023-03-18T18:11:58.287+0200 [DEBUG] [org.gradle.process.internal.health.memory.DefaultMemoryManager] 844204441 memory requested, 747626496 free
2023-03-18T18:11:58.287+0200 [DEBUG] [org.gradle.workers.internal.WorkerDaemonExpiration] Will attempt to release 805 of memory
2023-03-18T18:11:58.287+0200 [DEBUG] [org.gradle.process.internal.health.memory.DefaultMemoryManager] 844204441 memory requested, 0 released, 747626496 free
2023-03-18T18:12:03.286+0200 [DEBUG] [org.gradle.process.internal.health.memory.DefaultMemoryManager] 844204441 memory requested, 747347968 free
2023-03-18T18:12:03.287+0200 [DEBUG] [org.gradle.workers.internal.WorkerDaemonExpiration] Will attempt to release 805 of memory
2023-03-18T18:12:03.287+0200 [DEBUG] [org.gradle.process.internal.health.memory.DefaultMemoryManager] 844204441 memory requested, 0 released, 747347968 free
2023-03-18T18:12:03.351+0200 [DEBUG] [org.gradle.cache.internal.DefaultFileLockManager] Waiting to acquire shared lock on daemon addresses registry.
2023-03-18T18:12:03.351+0200 [DEBUG] [org.gradle.cache.internal.DefaultFileLockManager] Lock acquired on daemon addresses registry.
2023-03-18T18:12:03.351+0200 [DEBUG] [org.gradle.cache.internal.DefaultFileLockManager] Releasing lock on daemon addresses registry.
2023-03-18T18:12:03.353+0200 [DEBUG] [org.gradle.cache.internal.DefaultFileLockManager] Waiting to acquire shared lock on daemon addresses registry.
2023-03-18T18:12:03.353+0200 [DEBUG] [org.gradle.cache.internal.DefaultFileLockManager] Lock acquired on daemon addresses registry.
2023-03-18T18:12:03.353+0200 [DEBUG] [org.gradle.cache.internal.DefaultFileLockManager] Releasing lock on daemon addresses registry.
2023-03-18T18:12:03.355+0200 [DEBUG] [org.gradle.cache.internal.DefaultFileLockManager] Waiting to acquire shared lock on daemon addresses registry.
2023-03-18T18:12:03.355+0200 [DEBUG] [org.gradle.cache.internal.DefaultFileLockManager] Lock acquired on daemon addresses registry.
2023-03-18T18:12:03.355+0200 [DEBUG] [org.gradle.cache.internal.DefaultFileLockManager] Releasing lock on daemon addresses registry.
2023-03-18T18:12:08.284+0200 [DEBUG] [org.gradle.process.internal.health.memory.DefaultMemoryManager] 844204441 memory requested, 756662272 free
2023-03-18T18:12:08.284+0200 [DEBUG] [org.gradle.workers.internal.WorkerDaemonExpiration] Will attempt to release 805 of memory
2023-03-18T18:12:08.284+0200 [DEBUG] [org.gradle.process.internal.health.memory.DefaultMemoryManager] 844204441 memory requested, 0 released, 756662272 free
2023-03-18T18:12:13.288+0200 [DEBUG] [org.gradle.process.internal.health.memory.DefaultMemoryManager] 844204441 memory requested, 763125760 free
2023-03-18T18:12:13.289+0200 [DEBUG] [org.gradle.workers.internal.WorkerDaemonExpiration] Will attempt to release 805 of memory
2023-03-18T18:12:13.289+0200 [DEBUG] [org.gradle.process.internal.health.memory.DefaultMemoryManager] 844204441 memory requested, 0 released, 763125760 free
2023-03-18T18:12:13.352+0200 [DEBUG] [org.gradle.cache.internal.DefaultFileLockManager] Waiting to acquire shared lock on daemon addresses registry.
2023-03-18T18:12:13.352+0200 [DEBUG] [org.gradle.cache.internal.DefaultFileLockManager] Lock acquired on daemon addresses registry.
2023-03-18T18:12:13.352+0200 [DEBUG] [org.gradle.cache.internal.DefaultFileLockManager] Releasing lock on daemon addresses registry.
2023-03-18T18:12:13.354+0200 [DEBUG] [org.gradle.cache.internal.DefaultFileLockManager] Waiting to acquire shared lock on daemon addresses registry.
2023-03-18T18:12:13.354+0200 [DEBUG] [org.gradle.cache.internal.DefaultFileLockManager] Lock acquired on daemon addresses registry.
2023-03-18T18:12:13.354+0200 [DEBUG] [org.gradle.cache.internal.DefaultFileLockManager] Releasing lock on daemon addresses registry.
2023-03-18T18:12:13.355+0200 [DEBUG] [org.gradle.cache.internal.DefaultFileLockManager] Waiting to acquire shared lock on daemon addresses registry.
2023-03-18T18:12:13.600+0200 [DEBUG] [org.gradle.cache.internal.DefaultFileLockManager] Lock acquired on daemon addresses registry.
2023-03-18T18:12:13.601+0200 [DEBUG] [org.gradle.cache.internal.DefaultFileLockManager] Releasing lock on daemon addresses registry.
2023-03-18T18:12:18.287+0200 [DEBUG] [org.gradle.process.internal.health.memory.DefaultMemoryManager] 844204441 memory requested, 774512640 free
2023-03-18T18:12:18.287+0200 [DEBUG] [org.gradle.workers.internal.WorkerDaemonExpiration] Will attempt to release 805 of memory
2023-03-18T18:12:18.287+0200 [DEBUG] [org.gradle.process.internal.health.memory.DefaultMemoryManager] 844204441 memory requested, 0 released, 774512640 free
2023-03-18T18:12:23.287+0200 [DEBUG] [org.gradle.process.internal.health.memory.DefaultMemoryManager] 844204441 memory requested, 761503744 free
2023-03-18T18:12:23.528+0200 [DEBUG] [org.gradle.workers.internal.WorkerDaemonExpiration] Will attempt to release 805 of memory
2023-03-18T18:12:23.350+0200 [DEBUG] [org.gradle.cache.internal.DefaultFileLockManager] Waiting to acquire shared lock on daemon addresses registry.
2023-03-18T18:12:23.529+0200 [DEBUG] [org.gradle.process.internal.health.memory.DefaultMemoryManager] 844204441 memory requested, 0 released, 761503744 free
2023-03-18T18:12:23.529+0200 [DEBUG] [org.gradle.cache.internal.DefaultFileLockManager] Lock acquired on daemon addresses registry.
2023-03-18T18:12:23.529+0200 [DEBUG] [org.gradle.cache.internal.DefaultFileLockManager] Releasing lock on daemon addresses registry.
2023-03-18T18:12:23.531+0200 [DEBUG] [org.gradle.cache.internal.DefaultFileLockManager] Waiting to acquire shared lock on daemon addresses registry.
2023-03-18T18:12:23.531+0200 [DEBUG] [org.gradle.cache.internal.DefaultFileLockManager] Lock acquired on daemon addresses registry.
2023-03-18T18:12:23.531+0200 [DEBUG] [org.gradle.cache.internal.DefaultFileLockManager] Releasing lock on daemon addresses registry.
2023-03-18T18:12:23.532+0200 [DEBUG] [org.gradle.cache.internal.DefaultFileLockManager] Waiting to acquire shared lock on daemon addresses registry.
2023-03-18T18:12:23.532+0200 [DEBUG] [org.gradle.cache.internal.DefaultFileLockManager] Lock acquired on daemon addresses registry.
2023-03-18T18:12:23.533+0200 [DEBUG] [org.gradle.cache.internal.DefaultFileLockManager] Releasing lock on daemon addresses registry.
2023-03-18T18:12:28.279+0200 [DEBUG] [org.gradle.process.internal.health.memory.DefaultMemoryManager] 844204441 memory requested, 759160832 free
2023-03-18T18:12:28.279+0200 [DEBUG] [org.gradle.workers.internal.WorkerDaemonExpiration] Will attempt to release 805 of memory
2023-03-18T18:12:28.279+0200 [DEBUG] [org.gradle.process.internal.health.memory.DefaultMemoryManager] 844204441 memory requested, 0 released, 759160832 free
2023-03-18T18:12:33.278+0200 [DEBUG] [org.gradle.process.internal.health.memory.DefaultMemoryManager] 844204441 memory requested, 757968896 free
2023-03-18T18:12:33.278+0200 [DEBUG] [org.gradle.workers.internal.WorkerDaemonExpiration] Will attempt to release 805 of memory
2023-03-18T18:12:33.278+0200 [DEBUG] [org.gradle.process.internal.health.memory.DefaultMemoryManager] 844204441 memory requested, 0 released, 757968896 free
2023-03-18T18:12:33.359+0200 [DEBUG] [org.gradle.cache.internal.DefaultFileLockManager] Waiting to acquire shared lock on daemon addresses registry.
2023-03-18T18:12:33.359+0200 [DEBUG] [org.gradle.cache.internal.DefaultFileLockManager] Lock acquired on daemon addresses registry.
2023-03-18T18:12:33.359+0200 [DEBUG] [org.gradle.cache.internal.DefaultFileLockManager] Releasing lock on daemon addresses registry.
2023-03-18T18:12:33.360+0200 [DEBUG] [org.gradle.cache.internal.DefaultFileLockManager] Waiting to acquire shared lock on daemon addresses registry.
2023-03-18T18:12:33.361+0200 [DEBUG] [org.gradle.cache.internal.DefaultFileLockManager] Lock acquired on daemon addresses registry.
2023-03-18T18:12:33.361+0200 [DEBUG] [org.gradle.cache.internal.DefaultFileLockManager] Releasing lock on daemon addresses registry.
2023-03-18T18:12:33.362+0200 [DEBUG] [org.gradle.cache.internal.DefaultFileLockManager] Waiting to acquire shared lock on daemon addresses registry.
2023-03-18T18:12:33.362+0200 [DEBUG] [org.gradle.cache.internal.DefaultFileLockManager] Lock acquired on daemon addresses registry.
2023-03-18T18:12:33.362+0200 [DEBUG] [org.gradle.cache.internal.DefaultFileLockManager] Releasing lock on daemon addresses registry.
2023-03-18T18:12:38.287+0200 [DEBUG] [org.gradle.process.internal.health.memory.DefaultMemoryManager] 844204441 memory requested, 758648832 free
2023-03-18T18:12:38.288+0200 [DEBUG] [org.gradle.workers.internal.WorkerDaemonExpiration] Will attempt to release 805 of memory
2023-03-18T18:12:38.288+0200 [DEBUG] [org.gradle.process.internal.health.memory.DefaultMemoryManager] 844204441 memory requested, 0 released, 758648832 free
2023-03-18T18:12:43.288+0200 [DEBUG] [org.gradle.process.internal.health.memory.DefaultMemoryManager] 844204441 memory requested, 744665088 free
2023-03-18T18:12:43.288+0200 [DEBUG] [org.gradle.workers.internal.WorkerDaemonExpiration] Will attempt to release 805 of memory
2023-03-18T18:12:43.288+0200 [DEBUG] [org.gradle.process.internal.health.memory.DefaultMemoryManager] 844204441 memory requested, 0 released, 744665088 free
2023-03-18T18:12:43.351+0200 [DEBUG] [org.gradle.cache.internal.DefaultFileLockManager] Waiting to acquire shared lock on daemon addresses registry.
2023-03-18T18:12:43.351+0200 [DEBUG] [org.gradle.cache.internal.DefaultFileLockManager] Lock acquired on daemon addresses registry.
2023-03-18T18:12:43.352+0200 [DEBUG] [org.gradle.cache.internal.DefaultFileLockManager] Releasing lock on daemon addresses registry.
2023-03-18T18:12:43.353+0200 [DEBUG] [org.gradle.cache.internal.DefaultFileLockManager] Waiting to acquire shared lock on daemon addresses registry.
2023-03-18T18:12:43.354+0200 [DEBUG] [org.gradle.cache.internal.DefaultFileLockManager] Lock acquired on daemon addresses registry.
2023-03-18T18:12:43.354+0200 [DEBUG] [org.gradle.cache.internal.DefaultFileLockManager] Releasing lock on daemon addresses registry.
2023-03-18T18:12:43.355+0200 [DEBUG] [org.gradle.cache.internal.DefaultFileLockManager] Waiting to acquire shared lock on daemon addresses registry.
2023-03-18T18:12:43.356+0200 [DEBUG] [org.gradle.cache.internal.DefaultFileLockManager] Lock acquired on daemon addresses registry.
2023-03-18T18:12:43.356+0200 [DEBUG] [org.gradle.cache.internal.DefaultFileLockManager] Releasing lock on daemon addresses registry.
